==172070== Memcheck, a memory error detector
==172070== Copyright (C) 2002-2017, and GNU GPL'd, by Julian Seward et al.
==172070== Using Valgrind-3.15.0 and LibVEX; rerun with -h for copyright info
==172070== Command: ./openmp_indexer ../pages_68/3/ ./index_depth_2_new
==172070== 
--172070-- WARNING: Serious error when reading debug info
--172070-- When reading debug info from /global/u2/x/xizhang1/parallelized-simple-search-engine/indexer/openmp_indexer:
--172070-- Ignoring non-Dwarf2/3/4 block in .debug_info
--172070-- WARNING: Serious error when reading debug info
--172070-- When reading debug info from /global/u2/x/xizhang1/parallelized-simple-search-engine/indexer/openmp_indexer:
--172070-- Ignoring non-Dwarf2/3/4 block in .debug_info
--172070-- WARNING: Serious error when reading debug info
--172070-- When reading debug info from /global/u2/x/xizhang1/parallelized-simple-search-engine/indexer/openmp_indexer:
--172070-- Ignoring non-Dwarf2/3/4 block in .debug_info
--172070-- WARNING: Serious error when reading debug info
--172070-- When reading debug info from /global/u2/x/xizhang1/parallelized-simple-search-engine/indexer/openmp_indexer:
--172070-- parse_CU_Header: is neither DWARF2 nor DWARF3 nor DWARF4
--172070-- WARNING: Serious error when reading debug info
--172070-- When reading debug info from /opt/gcc/11.2.0/snos/lib64/libstdc++.so.6.0.29:
--172070-- Ignoring non-Dwarf2/3/4 block in .debug_info
--172070-- WARNING: Serious error when reading debug info
--172070-- When reading debug info from /opt/gcc/11.2.0/snos/lib64/libstdc++.so.6.0.29:
--172070-- Ignoring non-Dwarf2/3/4 block in .debug_info
--172070-- WARNING: Serious error when reading debug info
--172070-- When reading debug info from /opt/gcc/11.2.0/snos/lib64/libstdc++.so.6.0.29:
--172070-- Ignoring non-Dwarf2/3/4 block in .debug_info
--172070-- WARNING: Serious error when reading debug info
--172070-- When reading debug info from /opt/gcc/11.2.0/snos/lib64/libstdc++.so.6.0.29:
--172070-- Ignoring non-Dwarf2/3/4 block in .debug_info
--172070-- WARNING: Serious error when reading debug info
--172070-- When reading debug info from /opt/gcc/11.2.0/snos/lib64/libstdc++.so.6.0.29:
--172070-- Ignoring non-Dwarf2/3/4 block in .debug_info
--172070-- WARNING: Serious error when reading debug info
--172070-- When reading debug info from /opt/gcc/11.2.0/snos/lib64/libstdc++.so.6.0.29:
--172070-- Ignoring non-Dwarf2/3/4 block in .debug_info
--172070-- WARNING: Serious error when reading debug info
--172070-- When reading debug info from /opt/gcc/11.2.0/snos/lib64/libstdc++.so.6.0.29:
--172070-- Ignoring non-Dwarf2/3/4 block in .debug_info
--172070-- WARNING: Serious error when reading debug info
--172070-- When reading debug info from /opt/gcc/11.2.0/snos/lib64/libstdc++.so.6.0.29:
--172070-- Ignoring non-Dwarf2/3/4 block in .debug_info
--172070-- WARNING: Serious error when reading debug info
--172070-- When reading debug info from /opt/gcc/11.2.0/snos/lib64/libstdc++.so.6.0.29:
--172070-- Ignoring non-Dwarf2/3/4 block in .debug_info
--172070-- WARNING: Serious error when reading debug info
--172070-- When reading debug info from /opt/gcc/11.2.0/snos/lib64/libstdc++.so.6.0.29:
--172070-- Ignoring non-Dwarf2/3/4 block in .debug_info
--172070-- WARNING: Serious error when reading debug info
--172070-- When reading debug info from /opt/gcc/11.2.0/snos/lib64/libstdc++.so.6.0.29:
--172070-- Ignoring non-Dwarf2/3/4 block in .debug_info
--172070-- WARNING: Serious error when reading debug info
--172070-- When reading debug info from /opt/gcc/11.2.0/snos/lib64/libstdc++.so.6.0.29:
--172070-- Ignoring non-Dwarf2/3/4 block in .debug_info
--172070-- WARNING: Serious error when reading debug info
--172070-- When reading debug info from /opt/gcc/11.2.0/snos/lib64/libstdc++.so.6.0.29:
--172070-- Ignoring non-Dwarf2/3/4 block in .debug_info
--172070-- WARNING: Serious error when reading debug info
--172070-- When reading debug info from /opt/gcc/11.2.0/snos/lib64/libstdc++.so.6.0.29:
--172070-- Ignoring non-Dwarf2/3/4 block in .debug_info
--172070-- WARNING: Serious error when reading debug info
--172070-- When reading debug info from /opt/gcc/11.2.0/snos/lib64/libstdc++.so.6.0.29:
--172070-- Ignoring non-Dwarf2/3/4 block in .debug_info
--172070-- WARNING: Serious error when reading debug info
--172070-- When reading debug info from /opt/gcc/11.2.0/snos/lib64/libstdc++.so.6.0.29:
--172070-- Ignoring non-Dwarf2/3/4 block in .debug_info
--172070-- WARNING: Serious error when reading debug info
--172070-- When reading debug info from /opt/gcc/11.2.0/snos/lib64/libstdc++.so.6.0.29:
--172070-- Ignoring non-Dwarf2/3/4 block in .debug_info
--172070-- WARNING: Serious error when reading debug info
--172070-- When reading debug info from /opt/gcc/11.2.0/snos/lib64/libstdc++.so.6.0.29:
--172070-- Ignoring non-Dwarf2/3/4 block in .debug_info
--172070-- WARNING: Serious error when reading debug info
--172070-- When reading debug info from /opt/gcc/11.2.0/snos/lib64/libstdc++.so.6.0.29:
--172070-- Ignoring non-Dwarf2/3/4 block in .debug_info
--172070-- WARNING: Serious error when reading debug info
--172070-- When reading debug info from /opt/gcc/11.2.0/snos/lib64/libstdc++.so.6.0.29:
--172070-- Ignoring non-Dwarf2/3/4 block in .debug_info
--172070-- WARNING: Serious error when reading debug info
--172070-- When reading debug info from /opt/gcc/11.2.0/snos/lib64/libstdc++.so.6.0.29:
--172070-- Ignoring non-Dwarf2/3/4 block in .debug_info
--172070-- WARNING: Serious error when reading debug info
--172070-- When reading debug info from /opt/gcc/11.2.0/snos/lib64/libstdc++.so.6.0.29:
--172070-- Ignoring non-Dwarf2/3/4 block in .debug_info
--172070-- WARNING: Serious error when reading debug info
--172070-- When reading debug info from /opt/gcc/11.2.0/snos/lib64/libstdc++.so.6.0.29:
--172070-- Ignoring non-Dwarf2/3/4 block in .debug_info
--172070-- WARNING: Serious error when reading debug info
--172070-- When reading debug info from /opt/gcc/11.2.0/snos/lib64/libstdc++.so.6.0.29:
--172070-- Ignoring non-Dwarf2/3/4 block in .debug_info
--172070-- WARNING: Serious error when reading debug info
--172070-- When reading debug info from /opt/gcc/11.2.0/snos/lib64/libstdc++.so.6.0.29:
--172070-- Ignoring non-Dwarf2/3/4 block in .debug_info
--172070-- WARNING: Serious error when reading debug info
--172070-- When reading debug info from /opt/gcc/11.2.0/snos/lib64/libstdc++.so.6.0.29:
--172070-- Ignoring non-Dwarf2/3/4 block in .debug_info
--172070-- WARNING: Serious error when reading debug info
--172070-- When reading debug info from /opt/gcc/11.2.0/snos/lib64/libstdc++.so.6.0.29:
--172070-- Ignoring non-Dwarf2/3/4 block in .debug_info
--172070-- WARNING: Serious error when reading debug info
--172070-- When reading debug info from /opt/gcc/11.2.0/snos/lib64/libstdc++.so.6.0.29:
--172070-- Ignoring non-Dwarf2/3/4 block in .debug_info
--172070-- WARNING: Serious error when reading debug info
--172070-- When reading debug info from /opt/gcc/11.2.0/snos/lib64/libstdc++.so.6.0.29:
--172070-- Ignoring non-Dwarf2/3/4 block in .debug_info
--172070-- WARNING: Serious error when reading debug info
--172070-- When reading debug info from /opt/gcc/11.2.0/snos/lib64/libstdc++.so.6.0.29:
--172070-- Ignoring non-Dwarf2/3/4 block in .debug_info
--172070-- WARNING: Serious error when reading debug info
--172070-- When reading debug info from /opt/gcc/11.2.0/snos/lib64/libstdc++.so.6.0.29:
--172070-- Ignoring non-Dwarf2/3/4 block in .debug_info
--172070-- WARNING: Serious error when reading debug info
--172070-- When reading debug info from /opt/gcc/11.2.0/snos/lib64/libstdc++.so.6.0.29:
--172070-- Ignoring non-Dwarf2/3/4 block in .debug_info
--172070-- WARNING: Serious error when reading debug info
--172070-- When reading debug info from /opt/gcc/11.2.0/snos/lib64/libstdc++.so.6.0.29:
--172070-- Ignoring non-Dwarf2/3/4 block in .debug_info
--172070-- WARNING: Serious error when reading debug info
--172070-- When reading debug info from /opt/gcc/11.2.0/snos/lib64/libstdc++.so.6.0.29:
--172070-- Ignoring non-Dwarf2/3/4 block in .debug_info
--172070-- WARNING: Serious error when reading debug info
--172070-- When reading debug info from /opt/gcc/11.2.0/snos/lib64/libstdc++.so.6.0.29:
--172070-- Ignoring non-Dwarf2/3/4 block in .debug_info
--172070-- WARNING: Serious error when reading debug info
--172070-- When reading debug info from /opt/gcc/11.2.0/snos/lib64/libstdc++.so.6.0.29:
--172070-- Ignoring non-Dwarf2/3/4 block in .debug_info
--172070-- WARNING: Serious error when reading debug info
--172070-- When reading debug info from /opt/gcc/11.2.0/snos/lib64/libstdc++.so.6.0.29:
--172070-- Ignoring non-Dwarf2/3/4 block in .debug_info
--172070-- WARNING: Serious error when reading debug info
--172070-- When reading debug info from /opt/gcc/11.2.0/snos/lib64/libstdc++.so.6.0.29:
--172070-- Ignoring non-Dwarf2/3/4 block in .debug_info
--172070-- WARNING: Serious error when reading debug info
--172070-- When reading debug info from /opt/gcc/11.2.0/snos/lib64/libstdc++.so.6.0.29:
--172070-- Ignoring non-Dwarf2/3/4 block in .debug_info
--172070-- WARNING: Serious error when reading debug info
--172070-- When reading debug info from /opt/gcc/11.2.0/snos/lib64/libstdc++.so.6.0.29:
--172070-- Ignoring non-Dwarf2/3/4 block in .debug_info
--172070-- WARNING: Serious error when reading debug info
--172070-- When reading debug info from /opt/gcc/11.2.0/snos/lib64/libstdc++.so.6.0.29:
--172070-- Ignoring non-Dwarf2/3/4 block in .debug_info
--172070-- WARNING: Serious error when reading debug info
--172070-- When reading debug info from /opt/gcc/11.2.0/snos/lib64/libstdc++.so.6.0.29:
--172070-- Ignoring non-Dwarf2/3/4 block in .debug_info
--172070-- WARNING: Serious error when reading debug info
--172070-- When reading debug info from /opt/gcc/11.2.0/snos/lib64/libstdc++.so.6.0.29:
--172070-- Ignoring non-Dwarf2/3/4 block in .debug_info
--172070-- WARNING: Serious error when reading debug info
--172070-- When reading debug info from /opt/gcc/11.2.0/snos/lib64/libstdc++.so.6.0.29:
--172070-- Ignoring non-Dwarf2/3/4 block in .debug_info
--172070-- WARNING: Serious error when reading debug info
--172070-- When reading debug info from /opt/gcc/11.2.0/snos/lib64/libstdc++.so.6.0.29:
--172070-- Ignoring non-Dwarf2/3/4 block in .debug_info
--172070-- WARNING: Serious error when reading debug info
--172070-- When reading debug info from /opt/gcc/11.2.0/snos/lib64/libstdc++.so.6.0.29:
--172070-- Ignoring non-Dwarf2/3/4 block in .debug_info
--172070-- WARNING: Serious error when reading debug info
--172070-- When reading debug info from /opt/gcc/11.2.0/snos/lib64/libstdc++.so.6.0.29:
--172070-- Ignoring non-Dwarf2/3/4 block in .debug_info
--172070-- WARNING: Serious error when reading debug info
--172070-- When reading debug info from /opt/gcc/11.2.0/snos/lib64/libstdc++.so.6.0.29:
--172070-- Ignoring non-Dwarf2/3/4 block in .debug_info
--172070-- WARNING: Serious error when reading debug info
--172070-- When reading debug info from /opt/gcc/11.2.0/snos/lib64/libstdc++.so.6.0.29:
--172070-- Ignoring non-Dwarf2/3/4 block in .debug_info
--172070-- WARNING: Serious error when reading debug info
--172070-- When reading debug info from /opt/gcc/11.2.0/snos/lib64/libstdc++.so.6.0.29:
--172070-- Ignoring non-Dwarf2/3/4 block in .debug_info
--172070-- WARNING: Serious error when reading debug info
--172070-- When reading debug info from /opt/gcc/11.2.0/snos/lib64/libstdc++.so.6.0.29:
--172070-- Ignoring non-Dwarf2/3/4 block in .debug_info
--172070-- WARNING: Serious error when reading debug info
--172070-- When reading debug info from /opt/gcc/11.2.0/snos/lib64/libstdc++.so.6.0.29:
--172070-- Ignoring non-Dwarf2/3/4 block in .debug_info
--172070-- WARNING: Serious error when reading debug info
--172070-- When reading debug info from /opt/gcc/11.2.0/snos/lib64/libstdc++.so.6.0.29:
--172070-- Ignoring non-Dwarf2/3/4 block in .debug_info
--172070-- WARNING: Serious error when reading debug info
--172070-- When reading debug info from /opt/gcc/11.2.0/snos/lib64/libstdc++.so.6.0.29:
--172070-- Ignoring non-Dwarf2/3/4 block in .debug_info
--172070-- WARNING: Serious error when reading debug info
--172070-- When reading debug info from /opt/gcc/11.2.0/snos/lib64/libstdc++.so.6.0.29:
--172070-- Ignoring non-Dwarf2/3/4 block in .debug_info
--172070-- WARNING: Serious error when reading debug info
--172070-- When reading debug info from /opt/gcc/11.2.0/snos/lib64/libstdc++.so.6.0.29:
--172070-- Ignoring non-Dwarf2/3/4 block in .debug_info
--172070-- WARNING: Serious error when reading debug info
--172070-- When reading debug info from /opt/gcc/11.2.0/snos/lib64/libstdc++.so.6.0.29:
--172070-- Ignoring non-Dwarf2/3/4 block in .debug_info
--172070-- WARNING: Serious error when reading debug info
--172070-- When reading debug info from /opt/gcc/11.2.0/snos/lib64/libstdc++.so.6.0.29:
--172070-- Ignoring non-Dwarf2/3/4 block in .debug_info
--172070-- WARNING: Serious error when reading debug info
--172070-- When reading debug info from /opt/gcc/11.2.0/snos/lib64/libstdc++.so.6.0.29:
--172070-- Ignoring non-Dwarf2/3/4 block in .debug_info
--172070-- WARNING: Serious error when reading debug info
--172070-- When reading debug info from /opt/gcc/11.2.0/snos/lib64/libstdc++.so.6.0.29:
--172070-- Ignoring non-Dwarf2/3/4 block in .debug_info
--172070-- WARNING: Serious error when reading debug info
--172070-- When reading debug info from /opt/gcc/11.2.0/snos/lib64/libstdc++.so.6.0.29:
--172070-- Ignoring non-Dwarf2/3/4 block in .debug_info
--172070-- WARNING: Serious error when reading debug info
--172070-- When reading debug info from /opt/gcc/11.2.0/snos/lib64/libstdc++.so.6.0.29:
--172070-- Ignoring non-Dwarf2/3/4 block in .debug_info
--172070-- WARNING: Serious error when reading debug info
--172070-- When reading debug info from /opt/gcc/11.2.0/snos/lib64/libstdc++.so.6.0.29:
--172070-- Ignoring non-Dwarf2/3/4 block in .debug_info
--172070-- WARNING: Serious error when reading debug info
--172070-- When reading debug info from /opt/gcc/11.2.0/snos/lib64/libstdc++.so.6.0.29:
--172070-- Ignoring non-Dwarf2/3/4 block in .debug_info
--172070-- WARNING: Serious error when reading debug info
--172070-- When reading debug info from /opt/gcc/11.2.0/snos/lib64/libstdc++.so.6.0.29:
--172070-- Ignoring non-Dwarf2/3/4 block in .debug_info
--172070-- WARNING: Serious error when reading debug info
--172070-- When reading debug info from /opt/gcc/11.2.0/snos/lib64/libstdc++.so.6.0.29:
--172070-- Ignoring non-Dwarf2/3/4 block in .debug_info
--172070-- WARNING: Serious error when reading debug info
--172070-- When reading debug info from /opt/gcc/11.2.0/snos/lib64/libstdc++.so.6.0.29:
--172070-- Ignoring non-Dwarf2/3/4 block in .debug_info
--172070-- WARNING: Serious error when reading debug info
--172070-- When reading debug info from /opt/gcc/11.2.0/snos/lib64/libstdc++.so.6.0.29:
--172070-- Ignoring non-Dwarf2/3/4 block in .debug_info
--172070-- WARNING: Serious error when reading debug info
--172070-- When reading debug info from /opt/gcc/11.2.0/snos/lib64/libstdc++.so.6.0.29:
--172070-- Ignoring non-Dwarf2/3/4 block in .debug_info
--172070-- WARNING: Serious error when reading debug info
--172070-- When reading debug info from /opt/gcc/11.2.0/snos/lib64/libstdc++.so.6.0.29:
--172070-- Ignoring non-Dwarf2/3/4 block in .debug_info
--172070-- WARNING: Serious error when reading debug info
--172070-- When reading debug info from /opt/gcc/11.2.0/snos/lib64/libstdc++.so.6.0.29:
--172070-- Ignoring non-Dwarf2/3/4 block in .debug_info
--172070-- WARNING: Serious error when reading debug info
--172070-- When reading debug info from /opt/gcc/11.2.0/snos/lib64/libstdc++.so.6.0.29:
--172070-- Ignoring non-Dwarf2/3/4 block in .debug_info
--172070-- WARNING: Serious error when reading debug info
--172070-- When reading debug info from /opt/gcc/11.2.0/snos/lib64/libstdc++.so.6.0.29:
--172070-- Ignoring non-Dwarf2/3/4 block in .debug_info
--172070-- WARNING: Serious error when reading debug info
--172070-- When reading debug info from /opt/gcc/11.2.0/snos/lib64/libstdc++.so.6.0.29:
--172070-- Ignoring non-Dwarf2/3/4 block in .debug_info
--172070-- WARNING: Serious error when reading debug info
--172070-- When reading debug info from /opt/gcc/11.2.0/snos/lib64/libstdc++.so.6.0.29:
--172070-- Ignoring non-Dwarf2/3/4 block in .debug_info
--172070-- WARNING: Serious error when reading debug info
--172070-- When reading debug info from /opt/gcc/11.2.0/snos/lib64/libstdc++.so.6.0.29:
--172070-- Ignoring non-Dwarf2/3/4 block in .debug_info
--172070-- WARNING: Serious error when reading debug info
--172070-- When reading debug info from /opt/gcc/11.2.0/snos/lib64/libstdc++.so.6.0.29:
--172070-- Ignoring non-Dwarf2/3/4 block in .debug_info
--172070-- WARNING: Serious error when reading debug info
--172070-- When reading debug info from /opt/gcc/11.2.0/snos/lib64/libstdc++.so.6.0.29:
--172070-- Ignoring non-Dwarf2/3/4 block in .debug_info
--172070-- WARNING: Serious error when reading debug info
--172070-- When reading debug info from /opt/gcc/11.2.0/snos/lib64/libstdc++.so.6.0.29:
--172070-- Ignoring non-Dwarf2/3/4 block in .debug_info
--172070-- WARNING: Serious error when reading debug info
--172070-- When reading debug info from /opt/gcc/11.2.0/snos/lib64/libstdc++.so.6.0.29:
--172070-- Ignoring non-Dwarf2/3/4 block in .debug_info
--172070-- WARNING: Serious error when reading debug info
--172070-- When reading debug info from /opt/gcc/11.2.0/snos/lib64/libstdc++.so.6.0.29:
--172070-- Ignoring non-Dwarf2/3/4 block in .debug_info
--172070-- WARNING: Serious error when reading debug info
--172070-- When reading debug info from /opt/gcc/11.2.0/snos/lib64/libstdc++.so.6.0.29:
--172070-- Ignoring non-Dwarf2/3/4 block in .debug_info
--172070-- WARNING: Serious error when reading debug info
--172070-- When reading debug info from /opt/gcc/11.2.0/snos/lib64/libstdc++.so.6.0.29:
--172070-- Ignoring non-Dwarf2/3/4 block in .debug_info
--172070-- WARNING: Serious error when reading debug info
--172070-- When reading debug info from /opt/gcc/11.2.0/snos/lib64/libstdc++.so.6.0.29:
--172070-- Ignoring non-Dwarf2/3/4 block in .debug_info
--172070-- WARNING: Serious error when reading debug info
--172070-- When reading debug info from /opt/gcc/11.2.0/snos/lib64/libstdc++.so.6.0.29:
--172070-- Ignoring non-Dwarf2/3/4 block in .debug_info
--172070-- WARNING: Serious error when reading debug info
--172070-- When reading debug info from /opt/gcc/11.2.0/snos/lib64/libstdc++.so.6.0.29:
--172070-- Ignoring non-Dwarf2/3/4 block in .debug_info
--172070-- WARNING: Serious error when reading debug info
--172070-- When reading debug info from /opt/gcc/11.2.0/snos/lib64/libstdc++.so.6.0.29:
--172070-- Ignoring non-Dwarf2/3/4 block in .debug_info
--172070-- WARNING: Serious error when reading debug info
--172070-- When reading debug info from /opt/gcc/11.2.0/snos/lib64/libstdc++.so.6.0.29:
--172070-- Ignoring non-Dwarf2/3/4 block in .debug_info
--172070-- WARNING: Serious error when reading debug info
--172070-- When reading debug info from /opt/gcc/11.2.0/snos/lib64/libstdc++.so.6.0.29:
--172070-- Ignoring non-Dwarf2/3/4 block in .debug_info
--172070-- WARNING: Serious error when reading debug info
--172070-- When reading debug info from /opt/gcc/11.2.0/snos/lib64/libstdc++.so.6.0.29:
--172070-- Ignoring non-Dwarf2/3/4 block in .debug_info
--172070-- WARNING: Serious error when reading debug info
--172070-- When reading debug info from /opt/gcc/11.2.0/snos/lib64/libstdc++.so.6.0.29:
--172070-- Ignoring non-Dwarf2/3/4 block in .debug_info
--172070-- WARNING: Serious error when reading debug info
--172070-- When reading debug info from /opt/gcc/11.2.0/snos/lib64/libstdc++.so.6.0.29:
--172070-- Ignoring non-Dwarf2/3/4 block in .debug_info
--172070-- WARNING: Serious error when reading debug info
--172070-- When reading debug info from /opt/gcc/11.2.0/snos/lib64/libstdc++.so.6.0.29:
--172070-- Ignoring non-Dwarf2/3/4 block in .debug_info
--172070-- WARNING: Serious error when reading debug info
--172070-- When reading debug info from /opt/gcc/11.2.0/snos/lib64/libstdc++.so.6.0.29:
--172070-- Ignoring non-Dwarf2/3/4 block in .debug_info
--172070-- WARNING: Serious error when reading debug info
--172070-- When reading debug info from /opt/gcc/11.2.0/snos/lib64/libstdc++.so.6.0.29:
--172070-- Ignoring non-Dwarf2/3/4 block in .debug_info
--172070-- WARNING: Serious error when reading debug info
--172070-- When reading debug info from /opt/gcc/11.2.0/snos/lib64/libstdc++.so.6.0.29:
--172070-- Ignoring non-Dwarf2/3/4 block in .debug_info
--172070-- WARNING: Serious error when reading debug info
--172070-- When reading debug info from /opt/gcc/11.2.0/snos/lib64/libstdc++.so.6.0.29:
--172070-- Ignoring non-Dwarf2/3/4 block in .debug_info
--172070-- WARNING: Serious error when reading debug info
--172070-- When reading debug info from /opt/gcc/11.2.0/snos/lib64/libstdc++.so.6.0.29:
--172070-- Ignoring non-Dwarf2/3/4 block in .debug_info
--172070-- WARNING: Serious error when reading debug info
--172070-- When reading debug info from /opt/gcc/11.2.0/snos/lib64/libstdc++.so.6.0.29:
--172070-- Ignoring non-Dwarf2/3/4 block in .debug_info
--172070-- WARNING: Serious error when reading debug info
--172070-- When reading debug info from /opt/gcc/11.2.0/snos/lib64/libstdc++.so.6.0.29:
--172070-- Ignoring non-Dwarf2/3/4 block in .debug_info
--172070-- WARNING: Serious error when reading debug info
--172070-- When reading debug info from /opt/gcc/11.2.0/snos/lib64/libstdc++.so.6.0.29:
--172070-- Ignoring non-Dwarf2/3/4 block in .debug_info
--172070-- WARNING: Serious error when reading debug info
--172070-- When reading debug info from /opt/gcc/11.2.0/snos/lib64/libstdc++.so.6.0.29:
--172070-- Ignoring non-Dwarf2/3/4 block in .debug_info
--172070-- WARNING: Serious error when reading debug info
--172070-- When reading debug info from /opt/gcc/11.2.0/snos/lib64/libstdc++.so.6.0.29:
--172070-- Ignoring non-Dwarf2/3/4 block in .debug_info
--172070-- WARNING: Serious error when reading debug info
--172070-- When reading debug info from /opt/gcc/11.2.0/snos/lib64/libstdc++.so.6.0.29:
--172070-- Ignoring non-Dwarf2/3/4 block in .debug_info
--172070-- WARNING: Serious error when reading debug info
--172070-- When reading debug info from /opt/gcc/11.2.0/snos/lib64/libstdc++.so.6.0.29:
--172070-- Ignoring non-Dwarf2/3/4 block in .debug_info
--172070-- WARNING: Serious error when reading debug info
--172070-- When reading debug info from /opt/gcc/11.2.0/snos/lib64/libstdc++.so.6.0.29:
--172070-- Ignoring non-Dwarf2/3/4 block in .debug_info
--172070-- WARNING: Serious error when reading debug info
--172070-- When reading debug info from /opt/gcc/11.2.0/snos/lib64/libstdc++.so.6.0.29:
--172070-- Ignoring non-Dwarf2/3/4 block in .debug_info
--172070-- WARNING: Serious error when reading debug info
--172070-- When reading debug info from /opt/gcc/11.2.0/snos/lib64/libstdc++.so.6.0.29:
--172070-- Ignoring non-Dwarf2/3/4 block in .debug_info
--172070-- WARNING: Serious error when reading debug info
--172070-- When reading debug info from /opt/gcc/11.2.0/snos/lib64/libstdc++.so.6.0.29:
--172070-- Ignoring non-Dwarf2/3/4 block in .debug_info
--172070-- WARNING: Serious error when reading debug info
--172070-- When reading debug info from /opt/gcc/11.2.0/snos/lib64/libstdc++.so.6.0.29:
--172070-- Ignoring non-Dwarf2/3/4 block in .debug_info
--172070-- WARNING: Serious error when reading debug info
--172070-- When reading debug info from /opt/gcc/11.2.0/snos/lib64/libstdc++.so.6.0.29:
--172070-- Ignoring non-Dwarf2/3/4 block in .debug_info
--172070-- WARNING: Serious error when reading debug info
--172070-- When reading debug info from /opt/gcc/11.2.0/snos/lib64/libstdc++.so.6.0.29:
--172070-- Ignoring non-Dwarf2/3/4 block in .debug_info
--172070-- WARNING: Serious error when reading debug info
--172070-- When reading debug info from /opt/gcc/11.2.0/snos/lib64/libstdc++.so.6.0.29:
--172070-- Ignoring non-Dwarf2/3/4 block in .debug_info
--172070-- WARNING: Serious error when reading debug info
--172070-- When reading debug info from /opt/gcc/11.2.0/snos/lib64/libstdc++.so.6.0.29:
--172070-- Ignoring non-Dwarf2/3/4 block in .debug_info
--172070-- WARNING: Serious error when reading debug info
--172070-- When reading debug info from /opt/gcc/11.2.0/snos/lib64/libstdc++.so.6.0.29:
--172070-- Ignoring non-Dwarf2/3/4 block in .debug_info
--172070-- WARNING: Serious error when reading debug info
--172070-- When reading debug info from /opt/gcc/11.2.0/snos/lib64/libstdc++.so.6.0.29:
--172070-- Ignoring non-Dwarf2/3/4 block in .debug_info
--172070-- WARNING: Serious error when reading debug info
--172070-- When reading debug info from /opt/gcc/11.2.0/snos/lib64/libstdc++.so.6.0.29:
--172070-- Ignoring non-Dwarf2/3/4 block in .debug_info
--172070-- WARNING: Serious error when reading debug info
--172070-- When reading debug info from /opt/gcc/11.2.0/snos/lib64/libstdc++.so.6.0.29:
--172070-- Ignoring non-Dwarf2/3/4 block in .debug_info
--172070-- WARNING: Serious error when reading debug info
--172070-- When reading debug info from /opt/gcc/11.2.0/snos/lib64/libstdc++.so.6.0.29:
--172070-- Ignoring non-Dwarf2/3/4 block in .debug_info
--172070-- WARNING: Serious error when reading debug info
--172070-- When reading debug info from /opt/gcc/11.2.0/snos/lib64/libstdc++.so.6.0.29:
--172070-- Ignoring non-Dwarf2/3/4 block in .debug_info
--172070-- WARNING: Serious error when reading debug info
--172070-- When reading debug info from /opt/gcc/11.2.0/snos/lib64/libstdc++.so.6.0.29:
--172070-- Ignoring non-Dwarf2/3/4 block in .debug_info
--172070-- WARNING: Serious error when reading debug info
--172070-- When reading debug info from /opt/gcc/11.2.0/snos/lib64/libstdc++.so.6.0.29:
--172070-- Ignoring non-Dwarf2/3/4 block in .debug_info
--172070-- WARNING: Serious error when reading debug info
--172070-- When reading debug info from /opt/gcc/11.2.0/snos/lib64/libstdc++.so.6.0.29:
--172070-- Ignoring non-Dwarf2/3/4 block in .debug_info
--172070-- WARNING: Serious error when reading debug info
--172070-- When reading debug info from /opt/gcc/11.2.0/snos/lib64/libstdc++.so.6.0.29:
--172070-- Ignoring non-Dwarf2/3/4 block in .debug_info
--172070-- WARNING: Serious error when reading debug info
--172070-- When reading debug info from /opt/gcc/11.2.0/snos/lib64/libstdc++.so.6.0.29:
--172070-- Ignoring non-Dwarf2/3/4 block in .debug_info
--172070-- WARNING: Serious error when reading debug info
--172070-- When reading debug info from /opt/gcc/11.2.0/snos/lib64/libstdc++.so.6.0.29:
--172070-- Ignoring non-Dwarf2/3/4 block in .debug_info
--172070-- WARNING: Serious error when reading debug info
--172070-- When reading debug info from /opt/gcc/11.2.0/snos/lib64/libstdc++.so.6.0.29:
--172070-- Ignoring non-Dwarf2/3/4 block in .debug_info
--172070-- WARNING: Serious error when reading debug info
--172070-- When reading debug info from /opt/gcc/11.2.0/snos/lib64/libstdc++.so.6.0.29:
--172070-- Ignoring non-Dwarf2/3/4 block in .debug_info
--172070-- WARNING: Serious error when reading debug info
--172070-- When reading debug info from /opt/gcc/11.2.0/snos/lib64/libstdc++.so.6.0.29:
--172070-- Ignoring non-Dwarf2/3/4 block in .debug_info
--172070-- WARNING: Serious error when reading debug info
--172070-- When reading debug info from /opt/gcc/11.2.0/snos/lib64/libstdc++.so.6.0.29:
--172070-- Ignoring non-Dwarf2/3/4 block in .debug_info
--172070-- WARNING: Serious error when reading debug info
--172070-- When reading debug info from /opt/gcc/11.2.0/snos/lib64/libstdc++.so.6.0.29:
--172070-- Ignoring non-Dwarf2/3/4 block in .debug_info
--172070-- WARNING: Serious error when reading debug info
--172070-- When reading debug info from /opt/gcc/11.2.0/snos/lib64/libstdc++.so.6.0.29:
--172070-- Ignoring non-Dwarf2/3/4 block in .debug_info
--172070-- WARNING: Serious error when reading debug info
--172070-- When reading debug info from /opt/gcc/11.2.0/snos/lib64/libstdc++.so.6.0.29:
--172070-- Ignoring non-Dwarf2/3/4 block in .debug_info
--172070-- WARNING: Serious error when reading debug info
--172070-- When reading debug info from /opt/gcc/11.2.0/snos/lib64/libstdc++.so.6.0.29:
--172070-- Ignoring non-Dwarf2/3/4 block in .debug_info
--172070-- WARNING: Serious error when reading debug info
--172070-- When reading debug info from /opt/gcc/11.2.0/snos/lib64/libstdc++.so.6.0.29:
--172070-- Ignoring non-Dwarf2/3/4 block in .debug_info
--172070-- WARNING: Serious error when reading debug info
--172070-- When reading debug info from /opt/gcc/11.2.0/snos/lib64/libstdc++.so.6.0.29:
--172070-- Ignoring non-Dwarf2/3/4 block in .debug_info
--172070-- WARNING: Serious error when reading debug info
--172070-- When reading debug info from /opt/gcc/11.2.0/snos/lib64/libstdc++.so.6.0.29:
--172070-- Ignoring non-Dwarf2/3/4 block in .debug_info
--172070-- WARNING: Serious error when reading debug info
--172070-- When reading debug info from /opt/gcc/11.2.0/snos/lib64/libstdc++.so.6.0.29:
--172070-- Ignoring non-Dwarf2/3/4 block in .debug_info
--172070-- WARNING: Serious error when reading debug info
--172070-- When reading debug info from /opt/gcc/11.2.0/snos/lib64/libstdc++.so.6.0.29:
--172070-- Ignoring non-Dwarf2/3/4 block in .debug_info
--172070-- WARNING: Serious error when reading debug info
--172070-- When reading debug info from /opt/gcc/11.2.0/snos/lib64/libstdc++.so.6.0.29:
--172070-- Ignoring non-Dwarf2/3/4 block in .debug_info
--172070-- WARNING: Serious error when reading debug info
--172070-- When reading debug info from /opt/gcc/11.2.0/snos/lib64/libstdc++.so.6.0.29:
--172070-- Ignoring non-Dwarf2/3/4 block in .debug_info
--172070-- WARNING: Serious error when reading debug info
--172070-- When reading debug info from /opt/gcc/11.2.0/snos/lib64/libstdc++.so.6.0.29:
--172070-- Ignoring non-Dwarf2/3/4 block in .debug_info
--172070-- WARNING: Serious error when reading debug info
--172070-- When reading debug info from /opt/gcc/11.2.0/snos/lib64/libstdc++.so.6.0.29:
--172070-- Ignoring non-Dwarf2/3/4 block in .debug_info
--172070-- WARNING: Serious error when reading debug info
--172070-- When reading debug info from /opt/gcc/11.2.0/snos/lib64/libstdc++.so.6.0.29:
--172070-- Ignoring non-Dwarf2/3/4 block in .debug_info
--172070-- WARNING: Serious error when reading debug info
--172070-- When reading debug info from /opt/gcc/11.2.0/snos/lib64/libstdc++.so.6.0.29:
--172070-- Ignoring non-Dwarf2/3/4 block in .debug_info
--172070-- WARNING: Serious error when reading debug info
--172070-- When reading debug info from /opt/gcc/11.2.0/snos/lib64/libstdc++.so.6.0.29:
--172070-- Ignoring non-Dwarf2/3/4 block in .debug_info
--172070-- WARNING: Serious error when reading debug info
--172070-- When reading debug info from /opt/gcc/11.2.0/snos/lib64/libstdc++.so.6.0.29:
--172070-- Ignoring non-Dwarf2/3/4 block in .debug_info
--172070-- WARNING: Serious error when reading debug info
--172070-- When reading debug info from /opt/gcc/11.2.0/snos/lib64/libstdc++.so.6.0.29:
--172070-- Ignoring non-Dwarf2/3/4 block in .debug_info
--172070-- WARNING: Serious error when reading debug info
--172070-- When reading debug info from /opt/gcc/11.2.0/snos/lib64/libstdc++.so.6.0.29:
--172070-- Ignoring non-Dwarf2/3/4 block in .debug_info
--172070-- WARNING: Serious error when reading debug info
--172070-- When reading debug info from /opt/gcc/11.2.0/snos/lib64/libstdc++.so.6.0.29:
--172070-- Ignoring non-Dwarf2/3/4 block in .debug_info
--172070-- WARNING: Serious error when reading debug info
--172070-- When reading debug info from /opt/gcc/11.2.0/snos/lib64/libstdc++.so.6.0.29:
--172070-- Ignoring non-Dwarf2/3/4 block in .debug_info
--172070-- WARNING: Serious error when reading debug info
--172070-- When reading debug info from /opt/gcc/11.2.0/snos/lib64/libstdc++.so.6.0.29:
--172070-- Ignoring non-Dwarf2/3/4 block in .debug_info
--172070-- WARNING: Serious error when reading debug info
--172070-- When reading debug info from /opt/gcc/11.2.0/snos/lib64/libstdc++.so.6.0.29:
--172070-- Ignoring non-Dwarf2/3/4 block in .debug_info
--172070-- WARNING: Serious error when reading debug info
--172070-- When reading debug info from /opt/gcc/11.2.0/snos/lib64/libstdc++.so.6.0.29:
--172070-- Ignoring non-Dwarf2/3/4 block in .debug_info
--172070-- WARNING: Serious error when reading debug info
--172070-- When reading debug info from /opt/gcc/11.2.0/snos/lib64/libstdc++.so.6.0.29:
--172070-- Ignoring non-Dwarf2/3/4 block in .debug_info
--172070-- WARNING: Serious error when reading debug info
--172070-- When reading debug info from /opt/gcc/11.2.0/snos/lib64/libstdc++.so.6.0.29:
--172070-- Ignoring non-Dwarf2/3/4 block in .debug_info
--172070-- WARNING: Serious error when reading debug info
--172070-- When reading debug info from /opt/gcc/11.2.0/snos/lib64/libstdc++.so.6.0.29:
--172070-- Ignoring non-Dwarf2/3/4 block in .debug_info
--172070-- WARNING: Serious error when reading debug info
--172070-- When reading debug info from /opt/gcc/11.2.0/snos/lib64/libstdc++.so.6.0.29:
--172070-- Ignoring non-Dwarf2/3/4 block in .debug_info
--172070-- WARNING: Serious error when reading debug info
--172070-- When reading debug info from /opt/gcc/11.2.0/snos/lib64/libstdc++.so.6.0.29:
--172070-- Ignoring non-Dwarf2/3/4 block in .debug_info
--172070-- WARNING: Serious error when reading debug info
--172070-- When reading debug info from /opt/gcc/11.2.0/snos/lib64/libstdc++.so.6.0.29:
--172070-- Ignoring non-Dwarf2/3/4 block in .debug_info
--172070-- WARNING: Serious error when reading debug info
--172070-- When reading debug info from /opt/gcc/11.2.0/snos/lib64/libstdc++.so.6.0.29:
--172070-- Ignoring non-Dwarf2/3/4 block in .debug_info
--172070-- WARNING: Serious error when reading debug info
--172070-- When reading debug info from /opt/gcc/11.2.0/snos/lib64/libstdc++.so.6.0.29:
--172070-- Ignoring non-Dwarf2/3/4 block in .debug_info
--172070-- WARNING: Serious error when reading debug info
--172070-- When reading debug info from /opt/gcc/11.2.0/snos/lib64/libstdc++.so.6.0.29:
--172070-- Ignoring non-Dwarf2/3/4 block in .debug_info
--172070-- WARNING: Serious error when reading debug info
--172070-- When reading debug info from /opt/gcc/11.2.0/snos/lib64/libstdc++.so.6.0.29:
--172070-- Ignoring non-Dwarf2/3/4 block in .debug_info
--172070-- WARNING: Serious error when reading debug info
--172070-- When reading debug info from /opt/gcc/11.2.0/snos/lib64/libstdc++.so.6.0.29:
--172070-- Ignoring non-Dwarf2/3/4 block in .debug_info
--172070-- WARNING: Serious error when reading debug info
--172070-- When reading debug info from /opt/gcc/11.2.0/snos/lib64/libstdc++.so.6.0.29:
--172070-- Ignoring non-Dwarf2/3/4 block in .debug_info
--172070-- WARNING: Serious error when reading debug info
--172070-- When reading debug info from /opt/gcc/11.2.0/snos/lib64/libstdc++.so.6.0.29:
--172070-- Ignoring non-Dwarf2/3/4 block in .debug_info
--172070-- WARNING: Serious error when reading debug info
--172070-- When reading debug info from /opt/gcc/11.2.0/snos/lib64/libstdc++.so.6.0.29:
--172070-- Ignoring non-Dwarf2/3/4 block in .debug_info
--172070-- WARNING: Serious error when reading debug info
--172070-- When reading debug info from /opt/gcc/11.2.0/snos/lib64/libstdc++.so.6.0.29:
--172070-- Ignoring non-Dwarf2/3/4 block in .debug_info
--172070-- WARNING: Serious error when reading debug info
--172070-- When reading debug info from /opt/gcc/11.2.0/snos/lib64/libstdc++.so.6.0.29:
--172070-- Ignoring non-Dwarf2/3/4 block in .debug_info
--172070-- WARNING: Serious error when reading debug info
--172070-- When reading debug info from /opt/gcc/11.2.0/snos/lib64/libstdc++.so.6.0.29:
--172070-- Ignoring non-Dwarf2/3/4 block in .debug_info
--172070-- WARNING: Serious error when reading debug info
--172070-- When reading debug info from /opt/gcc/11.2.0/snos/lib64/libstdc++.so.6.0.29:
--172070-- Ignoring non-Dwarf2/3/4 block in .debug_info
--172070-- WARNING: Serious error when reading debug info
--172070-- When reading debug info from /opt/gcc/11.2.0/snos/lib64/libstdc++.so.6.0.29:
--172070-- Ignoring non-Dwarf2/3/4 block in .debug_info
--172070-- WARNING: Serious error when reading debug info
--172070-- When reading debug info from /opt/gcc/11.2.0/snos/lib64/libstdc++.so.6.0.29:
--172070-- Ignoring non-Dwarf2/3/4 block in .debug_info
--172070-- WARNING: Serious error when reading debug info
--172070-- When reading debug info from /opt/gcc/11.2.0/snos/lib64/libstdc++.so.6.0.29:
--172070-- Ignoring non-Dwarf2/3/4 block in .debug_info
--172070-- WARNING: Serious error when reading debug info
--172070-- When reading debug info from /opt/gcc/11.2.0/snos/lib64/libstdc++.so.6.0.29:
--172070-- Ignoring non-Dwarf2/3/4 block in .debug_info
--172070-- WARNING: Serious error when reading debug info
--172070-- When reading debug info from /opt/gcc/11.2.0/snos/lib64/libstdc++.so.6.0.29:
--172070-- Ignoring non-Dwarf2/3/4 block in .debug_info
--172070-- WARNING: Serious error when reading debug info
--172070-- When reading debug info from /opt/gcc/11.2.0/snos/lib64/libstdc++.so.6.0.29:
--172070-- Ignoring non-Dwarf2/3/4 block in .debug_info
--172070-- WARNING: Serious error when reading debug info
--172070-- When reading debug info from /opt/gcc/11.2.0/snos/lib64/libstdc++.so.6.0.29:
--172070-- Ignoring non-Dwarf2/3/4 block in .debug_info
--172070-- WARNING: Serious error when reading debug info
--172070-- When reading debug info from /opt/gcc/11.2.0/snos/lib64/libstdc++.so.6.0.29:
--172070-- Ignoring non-Dwarf2/3/4 block in .debug_info
--172070-- WARNING: Serious error when reading debug info
--172070-- When reading debug info from /opt/gcc/11.2.0/snos/lib64/libstdc++.so.6.0.29:
--172070-- Ignoring non-Dwarf2/3/4 block in .debug_info
--172070-- WARNING: Serious error when reading debug info
--172070-- When reading debug info from /opt/gcc/11.2.0/snos/lib64/libstdc++.so.6.0.29:
--172070-- parse_CU_Header: is neither DWARF2 nor DWARF3 nor DWARF4
--172070-- WARNING: Serious error when reading debug info
--172070-- When reading debug info from /opt/gcc/11.2.0/snos/lib64/libgomp.so.1.0.0:
--172070-- Ignoring non-Dwarf2/3/4 block in .debug_info
--172070-- WARNING: Serious error when reading debug info
--172070-- When reading debug info from /opt/gcc/11.2.0/snos/lib64/libgomp.so.1.0.0:
--172070-- Ignoring non-Dwarf2/3/4 block in .debug_info
--172070-- WARNING: Serious error when reading debug info
--172070-- When reading debug info from /opt/gcc/11.2.0/snos/lib64/libgomp.so.1.0.0:
--172070-- Ignoring non-Dwarf2/3/4 block in .debug_info
--172070-- WARNING: Serious error when reading debug info
--172070-- When reading debug info from /opt/gcc/11.2.0/snos/lib64/libgomp.so.1.0.0:
--172070-- Ignoring non-Dwarf2/3/4 block in .debug_info
--172070-- WARNING: Serious error when reading debug info
--172070-- When reading debug info from /opt/gcc/11.2.0/snos/lib64/libgomp.so.1.0.0:
--172070-- Ignoring non-Dwarf2/3/4 block in .debug_info
--172070-- WARNING: Serious error when reading debug info
--172070-- When reading debug info from /opt/gcc/11.2.0/snos/lib64/libgomp.so.1.0.0:
--172070-- Ignoring non-Dwarf2/3/4 block in .debug_info
--172070-- WARNING: Serious error when reading debug info
--172070-- When reading debug info from /opt/gcc/11.2.0/snos/lib64/libgomp.so.1.0.0:
--172070-- Ignoring non-Dwarf2/3/4 block in .debug_info
--172070-- WARNING: Serious error when reading debug info
--172070-- When reading debug info from /opt/gcc/11.2.0/snos/lib64/libgomp.so.1.0.0:
--172070-- Ignoring non-Dwarf2/3/4 block in .debug_info
--172070-- WARNING: Serious error when reading debug info
--172070-- When reading debug info from /opt/gcc/11.2.0/snos/lib64/libgomp.so.1.0.0:
--172070-- Ignoring non-Dwarf2/3/4 block in .debug_info
--172070-- WARNING: Serious error when reading debug info
--172070-- When reading debug info from /opt/gcc/11.2.0/snos/lib64/libgomp.so.1.0.0:
--172070-- Ignoring non-Dwarf2/3/4 block in .debug_info
--172070-- WARNING: Serious error when reading debug info
--172070-- When reading debug info from /opt/gcc/11.2.0/snos/lib64/libgomp.so.1.0.0:
--172070-- Ignoring non-Dwarf2/3/4 block in .debug_info
--172070-- WARNING: Serious error when reading debug info
--172070-- When reading debug info from /opt/gcc/11.2.0/snos/lib64/libgomp.so.1.0.0:
--172070-- Ignoring non-Dwarf2/3/4 block in .debug_info
--172070-- WARNING: Serious error when reading debug info
--172070-- When reading debug info from /opt/gcc/11.2.0/snos/lib64/libgomp.so.1.0.0:
--172070-- Ignoring non-Dwarf2/3/4 block in .debug_info
--172070-- WARNING: Serious error when reading debug info
--172070-- When reading debug info from /opt/gcc/11.2.0/snos/lib64/libgomp.so.1.0.0:
--172070-- Ignoring non-Dwarf2/3/4 block in .debug_info
--172070-- WARNING: Serious error when reading debug info
--172070-- When reading debug info from /opt/gcc/11.2.0/snos/lib64/libgomp.so.1.0.0:
--172070-- Ignoring non-Dwarf2/3/4 block in .debug_info
--172070-- WARNING: Serious error when reading debug info
--172070-- When reading debug info from /opt/gcc/11.2.0/snos/lib64/libgomp.so.1.0.0:
--172070-- Ignoring non-Dwarf2/3/4 block in .debug_info
--172070-- WARNING: Serious error when reading debug info
--172070-- When reading debug info from /opt/gcc/11.2.0/snos/lib64/libgomp.so.1.0.0:
--172070-- Ignoring non-Dwarf2/3/4 block in .debug_info
--172070-- WARNING: Serious error when reading debug info
--172070-- When reading debug info from /opt/gcc/11.2.0/snos/lib64/libgomp.so.1.0.0:
--172070-- Ignoring non-Dwarf2/3/4 block in .debug_info
--172070-- WARNING: Serious error when reading debug info
--172070-- When reading debug info from /opt/gcc/11.2.0/snos/lib64/libgomp.so.1.0.0:
--172070-- Ignoring non-Dwarf2/3/4 block in .debug_info
--172070-- WARNING: Serious error when reading debug info
--172070-- When reading debug info from /opt/gcc/11.2.0/snos/lib64/libgomp.so.1.0.0:
--172070-- Ignoring non-Dwarf2/3/4 block in .debug_info
--172070-- WARNING: Serious error when reading debug info
--172070-- When reading debug info from /opt/gcc/11.2.0/snos/lib64/libgomp.so.1.0.0:
--172070-- Ignoring non-Dwarf2/3/4 block in .debug_info
--172070-- WARNING: Serious error when reading debug info
--172070-- When reading debug info from /opt/gcc/11.2.0/snos/lib64/libgomp.so.1.0.0:
--172070-- Ignoring non-Dwarf2/3/4 block in .debug_info
--172070-- WARNING: Serious error when reading debug info
--172070-- When reading debug info from /opt/gcc/11.2.0/snos/lib64/libgomp.so.1.0.0:
--172070-- Ignoring non-Dwarf2/3/4 block in .debug_info
--172070-- WARNING: Serious error when reading debug info
--172070-- When reading debug info from /opt/gcc/11.2.0/snos/lib64/libgomp.so.1.0.0:
--172070-- Ignoring non-Dwarf2/3/4 block in .debug_info
--172070-- WARNING: Serious error when reading debug info
--172070-- When reading debug info from /opt/gcc/11.2.0/snos/lib64/libgomp.so.1.0.0:
--172070-- Ignoring non-Dwarf2/3/4 block in .debug_info
--172070-- WARNING: Serious error when reading debug info
--172070-- When reading debug info from /opt/gcc/11.2.0/snos/lib64/libgomp.so.1.0.0:
--172070-- Ignoring non-Dwarf2/3/4 block in .debug_info
--172070-- WARNING: Serious error when reading debug info
--172070-- When reading debug info from /opt/gcc/11.2.0/snos/lib64/libgomp.so.1.0.0:
--172070-- Ignoring non-Dwarf2/3/4 block in .debug_info
--172070-- WARNING: Serious error when reading debug info
--172070-- When reading debug info from /opt/gcc/11.2.0/snos/lib64/libgomp.so.1.0.0:
--172070-- Ignoring non-Dwarf2/3/4 block in .debug_info
--172070-- WARNING: Serious error when reading debug info
--172070-- When reading debug info from /opt/gcc/11.2.0/snos/lib64/libgomp.so.1.0.0:
--172070-- Ignoring non-Dwarf2/3/4 block in .debug_info
--172070-- WARNING: Serious error when reading debug info
--172070-- When reading debug info from /opt/gcc/11.2.0/snos/lib64/libgomp.so.1.0.0:
--172070-- Ignoring non-Dwarf2/3/4 block in .debug_info
--172070-- WARNING: Serious error when reading debug info
--172070-- When reading debug info from /opt/gcc/11.2.0/snos/lib64/libgomp.so.1.0.0:
--172070-- Ignoring non-Dwarf2/3/4 block in .debug_info
--172070-- WARNING: Serious error when reading debug info
--172070-- When reading debug info from /opt/gcc/11.2.0/snos/lib64/libgomp.so.1.0.0:
--172070-- Ignoring non-Dwarf2/3/4 block in .debug_info
--172070-- WARNING: Serious error when reading debug info
--172070-- When reading debug info from /opt/gcc/11.2.0/snos/lib64/libgomp.so.1.0.0:
--172070-- Ignoring non-Dwarf2/3/4 block in .debug_info
--172070-- WARNING: Serious error when reading debug info
--172070-- When reading debug info from /opt/gcc/11.2.0/snos/lib64/libgomp.so.1.0.0:
--172070-- Ignoring non-Dwarf2/3/4 block in .debug_info
--172070-- WARNING: Serious error when reading debug info
--172070-- When reading debug info from /opt/gcc/11.2.0/snos/lib64/libgomp.so.1.0.0:
--172070-- Ignoring non-Dwarf2/3/4 block in .debug_info
--172070-- WARNING: Serious error when reading debug info
--172070-- When reading debug info from /opt/gcc/11.2.0/snos/lib64/libgomp.so.1.0.0:
--172070-- Ignoring non-Dwarf2/3/4 block in .debug_info
--172070-- WARNING: Serious error when reading debug info
--172070-- When reading debug info from /opt/gcc/11.2.0/snos/lib64/libgomp.so.1.0.0:
--172070-- Ignoring non-Dwarf2/3/4 block in .debug_info
--172070-- WARNING: Serious error when reading debug info
--172070-- When reading debug info from /opt/gcc/11.2.0/snos/lib64/libgomp.so.1.0.0:
--172070-- Ignoring non-Dwarf2/3/4 block in .debug_info
--172070-- WARNING: Serious error when reading debug info
--172070-- When reading debug info from /opt/gcc/11.2.0/snos/lib64/libgomp.so.1.0.0:
--172070-- Ignoring non-Dwarf2/3/4 block in .debug_info
--172070-- WARNING: Serious error when reading debug info
--172070-- When reading debug info from /opt/gcc/11.2.0/snos/lib64/libgomp.so.1.0.0:
--172070-- Ignoring non-Dwarf2/3/4 block in .debug_info
--172070-- WARNING: Serious error when reading debug info
--172070-- When reading debug info from /opt/gcc/11.2.0/snos/lib64/libgomp.so.1.0.0:
--172070-- Ignoring non-Dwarf2/3/4 block in .debug_info
--172070-- WARNING: Serious error when reading debug info
--172070-- When reading debug info from /opt/gcc/11.2.0/snos/lib64/libgomp.so.1.0.0:
--172070-- Ignoring non-Dwarf2/3/4 block in .debug_info
--172070-- WARNING: Serious error when reading debug info
--172070-- When reading debug info from /opt/gcc/11.2.0/snos/lib64/libgomp.so.1.0.0:
--172070-- Ignoring non-Dwarf2/3/4 block in .debug_info
--172070-- WARNING: Serious error when reading debug info
--172070-- When reading debug info from /opt/gcc/11.2.0/snos/lib64/libgomp.so.1.0.0:
--172070-- parse_CU_Header: is neither DWARF2 nor DWARF3 nor DWARF4
--172070-- WARNING: Serious error when reading debug info
--172070-- When reading debug info from /opt/gcc/11.2.0/snos/lib64/libgcc_s.so.1:
--172070-- Ignoring non-Dwarf2/3/4 block in .debug_info
--172070-- WARNING: Serious error when reading debug info
--172070-- When reading debug info from /opt/gcc/11.2.0/snos/lib64/libgcc_s.so.1:
--172070-- Ignoring non-Dwarf2/3/4 block in .debug_info
--172070-- WARNING: Serious error when reading debug info
--172070-- When reading debug info from /opt/gcc/11.2.0/snos/lib64/libgcc_s.so.1:
--172070-- Ignoring non-Dwarf2/3/4 block in .debug_info
--172070-- WARNING: Serious error when reading debug info
--172070-- When reading debug info from /opt/gcc/11.2.0/snos/lib64/libgcc_s.so.1:
--172070-- Ignoring non-Dwarf2/3/4 block in .debug_info
--172070-- WARNING: Serious error when reading debug info
--172070-- When reading debug info from /opt/gcc/11.2.0/snos/lib64/libgcc_s.so.1:
--172070-- Ignoring non-Dwarf2/3/4 block in .debug_info
--172070-- WARNING: Serious error when reading debug info
--172070-- When reading debug info from /opt/gcc/11.2.0/snos/lib64/libgcc_s.so.1:
--172070-- Ignoring non-Dwarf2/3/4 block in .debug_info
--172070-- WARNING: Serious error when reading debug info
--172070-- When reading debug info from /opt/gcc/11.2.0/snos/lib64/libgcc_s.so.1:
--172070-- Ignoring non-Dwarf2/3/4 block in .debug_info
--172070-- WARNING: Serious error when reading debug info
--172070-- When reading debug info from /opt/gcc/11.2.0/snos/lib64/libgcc_s.so.1:
--172070-- Ignoring non-Dwarf2/3/4 block in .debug_info
--172070-- WARNING: Serious error when reading debug info
--172070-- When reading debug info from /opt/gcc/11.2.0/snos/lib64/libgcc_s.so.1:
--172070-- Ignoring non-Dwarf2/3/4 block in .debug_info
--172070-- WARNING: Serious error when reading debug info
--172070-- When reading debug info from /opt/gcc/11.2.0/snos/lib64/libgcc_s.so.1:
--172070-- Ignoring non-Dwarf2/3/4 block in .debug_info
--172070-- WARNING: Serious error when reading debug info
--172070-- When reading debug info from /opt/gcc/11.2.0/snos/lib64/libgcc_s.so.1:
--172070-- Ignoring non-Dwarf2/3/4 block in .debug_info
--172070-- WARNING: Serious error when reading debug info
--172070-- When reading debug info from /opt/gcc/11.2.0/snos/lib64/libgcc_s.so.1:
--172070-- Ignoring non-Dwarf2/3/4 block in .debug_info
--172070-- WARNING: Serious error when reading debug info
--172070-- When reading debug info from /opt/gcc/11.2.0/snos/lib64/libgcc_s.so.1:
--172070-- Ignoring non-Dwarf2/3/4 block in .debug_info
--172070-- WARNING: Serious error when reading debug info
--172070-- When reading debug info from /opt/gcc/11.2.0/snos/lib64/libgcc_s.so.1:
--172070-- Ignoring non-Dwarf2/3/4 block in .debug_info
--172070-- WARNING: Serious error when reading debug info
--172070-- When reading debug info from /opt/gcc/11.2.0/snos/lib64/libgcc_s.so.1:
--172070-- Ignoring non-Dwarf2/3/4 block in .debug_info
--172070-- WARNING: Serious error when reading debug info
--172070-- When reading debug info from /opt/gcc/11.2.0/snos/lib64/libgcc_s.so.1:
--172070-- Ignoring non-Dwarf2/3/4 block in .debug_info
--172070-- WARNING: Serious error when reading debug info
--172070-- When reading debug info from /opt/gcc/11.2.0/snos/lib64/libgcc_s.so.1:
--172070-- Ignoring non-Dwarf2/3/4 block in .debug_info
--172070-- WARNING: Serious error when reading debug info
--172070-- When reading debug info from /opt/gcc/11.2.0/snos/lib64/libgcc_s.so.1:
--172070-- Ignoring non-Dwarf2/3/4 block in .debug_info
--172070-- WARNING: Serious error when reading debug info
--172070-- When reading debug info from /opt/gcc/11.2.0/snos/lib64/libgcc_s.so.1:
--172070-- Ignoring non-Dwarf2/3/4 block in .debug_info
--172070-- WARNING: Serious error when reading debug info
--172070-- When reading debug info from /opt/gcc/11.2.0/snos/lib64/libgcc_s.so.1:
--172070-- Ignoring non-Dwarf2/3/4 block in .debug_info
--172070-- WARNING: Serious error when reading debug info
--172070-- When reading debug info from /opt/gcc/11.2.0/snos/lib64/libgcc_s.so.1:
--172070-- Ignoring non-Dwarf2/3/4 block in .debug_info
--172070-- WARNING: Serious error when reading debug info
--172070-- When reading debug info from /opt/gcc/11.2.0/snos/lib64/libgcc_s.so.1:
--172070-- Ignoring non-Dwarf2/3/4 block in .debug_info
--172070-- WARNING: Serious error when reading debug info
--172070-- When reading debug info from /opt/gcc/11.2.0/snos/lib64/libgcc_s.so.1:
--172070-- Ignoring non-Dwarf2/3/4 block in .debug_info
--172070-- WARNING: Serious error when reading debug info
--172070-- When reading debug info from /opt/gcc/11.2.0/snos/lib64/libgcc_s.so.1:
--172070-- Ignoring non-Dwarf2/3/4 block in .debug_info
--172070-- WARNING: Serious error when reading debug info
--172070-- When reading debug info from /opt/gcc/11.2.0/snos/lib64/libgcc_s.so.1:
--172070-- Ignoring non-Dwarf2/3/4 block in .debug_info
--172070-- WARNING: Serious error when reading debug info
--172070-- When reading debug info from /opt/gcc/11.2.0/snos/lib64/libgcc_s.so.1:
--172070-- Ignoring non-Dwarf2/3/4 block in .debug_info
--172070-- WARNING: Serious error when reading debug info
--172070-- When reading debug info from /opt/gcc/11.2.0/snos/lib64/libgcc_s.so.1:
--172070-- Ignoring non-Dwarf2/3/4 block in .debug_info
--172070-- WARNING: Serious error when reading debug info
--172070-- When reading debug info from /opt/gcc/11.2.0/snos/lib64/libgcc_s.so.1:
--172070-- Ignoring non-Dwarf2/3/4 block in .debug_info
--172070-- WARNING: Serious error when reading debug info
--172070-- When reading debug info from /opt/gcc/11.2.0/snos/lib64/libgcc_s.so.1:
--172070-- Ignoring non-Dwarf2/3/4 block in .debug_info
--172070-- WARNING: Serious error when reading debug info
--172070-- When reading debug info from /opt/gcc/11.2.0/snos/lib64/libgcc_s.so.1:
--172070-- Ignoring non-Dwarf2/3/4 block in .debug_info
--172070-- WARNING: Serious error when reading debug info
--172070-- When reading debug info from /opt/gcc/11.2.0/snos/lib64/libgcc_s.so.1:
--172070-- Ignoring non-Dwarf2/3/4 block in .debug_info
--172070-- WARNING: Serious error when reading debug info
--172070-- When reading debug info from /opt/gcc/11.2.0/snos/lib64/libgcc_s.so.1:
--172070-- Ignoring non-Dwarf2/3/4 block in .debug_info
--172070-- WARNING: Serious error when reading debug info
--172070-- When reading debug info from /opt/gcc/11.2.0/snos/lib64/libgcc_s.so.1:
--172070-- Ignoring non-Dwarf2/3/4 block in .debug_info
--172070-- WARNING: Serious error when reading debug info
--172070-- When reading debug info from /opt/gcc/11.2.0/snos/lib64/libgcc_s.so.1:
--172070-- Ignoring non-Dwarf2/3/4 block in .debug_info
--172070-- WARNING: Serious error when reading debug info
--172070-- When reading debug info from /opt/gcc/11.2.0/snos/lib64/libgcc_s.so.1:
--172070-- Ignoring non-Dwarf2/3/4 block in .debug_info
--172070-- WARNING: Serious error when reading debug info
--172070-- When reading debug info from /opt/gcc/11.2.0/snos/lib64/libgcc_s.so.1:
--172070-- Ignoring non-Dwarf2/3/4 block in .debug_info
--172070-- WARNING: Serious error when reading debug info
--172070-- When reading debug info from /opt/gcc/11.2.0/snos/lib64/libgcc_s.so.1:
--172070-- Ignoring non-Dwarf2/3/4 block in .debug_info
--172070-- WARNING: Serious error when reading debug info
--172070-- When reading debug info from /opt/gcc/11.2.0/snos/lib64/libgcc_s.so.1:
--172070-- Ignoring non-Dwarf2/3/4 block in .debug_info
--172070-- WARNING: Serious error when reading debug info
--172070-- When reading debug info from /opt/gcc/11.2.0/snos/lib64/libgcc_s.so.1:
--172070-- Ignoring non-Dwarf2/3/4 block in .debug_info
--172070-- WARNING: Serious error when reading debug info
--172070-- When reading debug info from /opt/gcc/11.2.0/snos/lib64/libgcc_s.so.1:
--172070-- Ignoring non-Dwarf2/3/4 block in .debug_info
--172070-- WARNING: Serious error when reading debug info
--172070-- When reading debug info from /opt/gcc/11.2.0/snos/lib64/libgcc_s.so.1:
--172070-- Ignoring non-Dwarf2/3/4 block in .debug_info
--172070-- WARNING: Serious error when reading debug info
--172070-- When reading debug info from /opt/gcc/11.2.0/snos/lib64/libgcc_s.so.1:
--172070-- Ignoring non-Dwarf2/3/4 block in .debug_info
--172070-- WARNING: Serious error when reading debug info
--172070-- When reading debug info from /opt/gcc/11.2.0/snos/lib64/libgcc_s.so.1:
--172070-- Ignoring non-Dwarf2/3/4 block in .debug_info
--172070-- WARNING: Serious error when reading debug info
--172070-- When reading debug info from /opt/gcc/11.2.0/snos/lib64/libgcc_s.so.1:
--172070-- Ignoring non-Dwarf2/3/4 block in .debug_info
--172070-- WARNING: Serious error when reading debug info
--172070-- When reading debug info from /opt/gcc/11.2.0/snos/lib64/libgcc_s.so.1:
--172070-- Ignoring non-Dwarf2/3/4 block in .debug_info
--172070-- WARNING: Serious error when reading debug info
--172070-- When reading debug info from /opt/gcc/11.2.0/snos/lib64/libgcc_s.so.1:
--172070-- Ignoring non-Dwarf2/3/4 block in .debug_info
--172070-- WARNING: Serious error when reading debug info
--172070-- When reading debug info from /opt/gcc/11.2.0/snos/lib64/libgcc_s.so.1:
--172070-- Ignoring non-Dwarf2/3/4 block in .debug_info
--172070-- WARNING: Serious error when reading debug info
--172070-- When reading debug info from /opt/gcc/11.2.0/snos/lib64/libgcc_s.so.1:
--172070-- Ignoring non-Dwarf2/3/4 block in .debug_info
--172070-- WARNING: Serious error when reading debug info
--172070-- When reading debug info from /opt/gcc/11.2.0/snos/lib64/libgcc_s.so.1:
--172070-- Ignoring non-Dwarf2/3/4 block in .debug_info
--172070-- WARNING: Serious error when reading debug info
--172070-- When reading debug info from /opt/gcc/11.2.0/snos/lib64/libgcc_s.so.1:
--172070-- Ignoring non-Dwarf2/3/4 block in .debug_info
--172070-- WARNING: Serious error when reading debug info
--172070-- When reading debug info from /opt/gcc/11.2.0/snos/lib64/libgcc_s.so.1:
--172070-- Ignoring non-Dwarf2/3/4 block in .debug_info
--172070-- WARNING: Serious error when reading debug info
--172070-- When reading debug info from /opt/gcc/11.2.0/snos/lib64/libgcc_s.so.1:
--172070-- Ignoring non-Dwarf2/3/4 block in .debug_info
--172070-- WARNING: Serious error when reading debug info
--172070-- When reading debug info from /opt/gcc/11.2.0/snos/lib64/libgcc_s.so.1:
--172070-- Ignoring non-Dwarf2/3/4 block in .debug_info
--172070-- WARNING: Serious error when reading debug info
--172070-- When reading debug info from /opt/gcc/11.2.0/snos/lib64/libgcc_s.so.1:
--172070-- Ignoring non-Dwarf2/3/4 block in .debug_info
--172070-- WARNING: Serious error when reading debug info
--172070-- When reading debug info from /opt/gcc/11.2.0/snos/lib64/libgcc_s.so.1:
--172070-- Ignoring non-Dwarf2/3/4 block in .debug_info
--172070-- WARNING: Serious error when reading debug info
--172070-- When reading debug info from /opt/gcc/11.2.0/snos/lib64/libgcc_s.so.1:
--172070-- Ignoring non-Dwarf2/3/4 block in .debug_info
--172070-- WARNING: Serious error when reading debug info
--172070-- When reading debug info from /opt/gcc/11.2.0/snos/lib64/libgcc_s.so.1:
--172070-- Ignoring non-Dwarf2/3/4 block in .debug_info
--172070-- WARNING: Serious error when reading debug info
--172070-- When reading debug info from /opt/gcc/11.2.0/snos/lib64/libgcc_s.so.1:
--172070-- Ignoring non-Dwarf2/3/4 block in .debug_info
--172070-- WARNING: Serious error when reading debug info
--172070-- When reading debug info from /opt/gcc/11.2.0/snos/lib64/libgcc_s.so.1:
--172070-- Ignoring non-Dwarf2/3/4 block in .debug_info
--172070-- WARNING: Serious error when reading debug info
--172070-- When reading debug info from /opt/gcc/11.2.0/snos/lib64/libgcc_s.so.1:
--172070-- Ignoring non-Dwarf2/3/4 block in .debug_info
--172070-- WARNING: Serious error when reading debug info
--172070-- When reading debug info from /opt/gcc/11.2.0/snos/lib64/libgcc_s.so.1:
--172070-- Ignoring non-Dwarf2/3/4 block in .debug_info
--172070-- WARNING: Serious error when reading debug info
--172070-- When reading debug info from /opt/gcc/11.2.0/snos/lib64/libgcc_s.so.1:
--172070-- Ignoring non-Dwarf2/3/4 block in .debug_info
--172070-- WARNING: Serious error when reading debug info
--172070-- When reading debug info from /opt/gcc/11.2.0/snos/lib64/libgcc_s.so.1:
--172070-- Ignoring non-Dwarf2/3/4 block in .debug_info
--172070-- WARNING: Serious error when reading debug info
--172070-- When reading debug info from /opt/gcc/11.2.0/snos/lib64/libgcc_s.so.1:
--172070-- Ignoring non-Dwarf2/3/4 block in .debug_info
--172070-- WARNING: Serious error when reading debug info
--172070-- When reading debug info from /opt/gcc/11.2.0/snos/lib64/libgcc_s.so.1:
--172070-- Ignoring non-Dwarf2/3/4 block in .debug_info
--172070-- WARNING: Serious error when reading debug info
--172070-- When reading debug info from /opt/gcc/11.2.0/snos/lib64/libgcc_s.so.1:
--172070-- Ignoring non-Dwarf2/3/4 block in .debug_info
--172070-- WARNING: Serious error when reading debug info
--172070-- When reading debug info from /opt/gcc/11.2.0/snos/lib64/libgcc_s.so.1:
--172070-- Ignoring non-Dwarf2/3/4 block in .debug_info
--172070-- WARNING: Serious error when reading debug info
--172070-- When reading debug info from /opt/gcc/11.2.0/snos/lib64/libgcc_s.so.1:
--172070-- Ignoring non-Dwarf2/3/4 block in .debug_info
--172070-- WARNING: Serious error when reading debug info
--172070-- When reading debug info from /opt/gcc/11.2.0/snos/lib64/libgcc_s.so.1:
--172070-- Ignoring non-Dwarf2/3/4 block in .debug_info
--172070-- WARNING: Serious error when reading debug info
--172070-- When reading debug info from /opt/gcc/11.2.0/snos/lib64/libgcc_s.so.1:
--172070-- Ignoring non-Dwarf2/3/4 block in .debug_info
--172070-- WARNING: Serious error when reading debug info
--172070-- When reading debug info from /opt/gcc/11.2.0/snos/lib64/libgcc_s.so.1:
--172070-- Ignoring non-Dwarf2/3/4 block in .debug_info
--172070-- WARNING: Serious error when reading debug info
--172070-- When reading debug info from /opt/gcc/11.2.0/snos/lib64/libgcc_s.so.1:
--172070-- Ignoring non-Dwarf2/3/4 block in .debug_info
--172070-- WARNING: Serious error when reading debug info
--172070-- When reading debug info from /opt/gcc/11.2.0/snos/lib64/libgcc_s.so.1:
--172070-- Ignoring non-Dwarf2/3/4 block in .debug_info
--172070-- WARNING: Serious error when reading debug info
--172070-- When reading debug info from /opt/gcc/11.2.0/snos/lib64/libgcc_s.so.1:
--172070-- Ignoring non-Dwarf2/3/4 block in .debug_info
--172070-- WARNING: Serious error when reading debug info
--172070-- When reading debug info from /opt/gcc/11.2.0/snos/lib64/libgcc_s.so.1:
--172070-- Ignoring non-Dwarf2/3/4 block in .debug_info
--172070-- WARNING: Serious error when reading debug info
--172070-- When reading debug info from /opt/gcc/11.2.0/snos/lib64/libgcc_s.so.1:
--172070-- Ignoring non-Dwarf2/3/4 block in .debug_info
--172070-- WARNING: Serious error when reading debug info
--172070-- When reading debug info from /opt/gcc/11.2.0/snos/lib64/libgcc_s.so.1:
--172070-- Ignoring non-Dwarf2/3/4 block in .debug_info
--172070-- WARNING: Serious error when reading debug info
--172070-- When reading debug info from /opt/gcc/11.2.0/snos/lib64/libgcc_s.so.1:
--172070-- Ignoring non-Dwarf2/3/4 block in .debug_info
--172070-- WARNING: Serious error when reading debug info
--172070-- When reading debug info from /opt/gcc/11.2.0/snos/lib64/libgcc_s.so.1:
--172070-- Ignoring non-Dwarf2/3/4 block in .debug_info
--172070-- WARNING: Serious error when reading debug info
--172070-- When reading debug info from /opt/gcc/11.2.0/snos/lib64/libgcc_s.so.1:
--172070-- Ignoring non-Dwarf2/3/4 block in .debug_info
--172070-- WARNING: Serious error when reading debug info
--172070-- When reading debug info from /opt/gcc/11.2.0/snos/lib64/libgcc_s.so.1:
--172070-- Ignoring non-Dwarf2/3/4 block in .debug_info
--172070-- WARNING: Serious error when reading debug info
--172070-- When reading debug info from /opt/gcc/11.2.0/snos/lib64/libgcc_s.so.1:
--172070-- Ignoring non-Dwarf2/3/4 block in .debug_info
--172070-- WARNING: Serious error when reading debug info
--172070-- When reading debug info from /opt/gcc/11.2.0/snos/lib64/libgcc_s.so.1:
--172070-- Ignoring non-Dwarf2/3/4 block in .debug_info
--172070-- WARNING: Serious error when reading debug info
--172070-- When reading debug info from /opt/gcc/11.2.0/snos/lib64/libgcc_s.so.1:
--172070-- Ignoring non-Dwarf2/3/4 block in .debug_info
--172070-- WARNING: Serious error when reading debug info
--172070-- When reading debug info from /opt/gcc/11.2.0/snos/lib64/libgcc_s.so.1:
--172070-- Ignoring non-Dwarf2/3/4 block in .debug_info
--172070-- WARNING: Serious error when reading debug info
--172070-- When reading debug info from /opt/gcc/11.2.0/snos/lib64/libgcc_s.so.1:
--172070-- Ignoring non-Dwarf2/3/4 block in .debug_info
--172070-- WARNING: Serious error when reading debug info
--172070-- When reading debug info from /opt/gcc/11.2.0/snos/lib64/libgcc_s.so.1:
--172070-- Ignoring non-Dwarf2/3/4 block in .debug_info
--172070-- WARNING: Serious error when reading debug info
--172070-- When reading debug info from /opt/gcc/11.2.0/snos/lib64/libgcc_s.so.1:
--172070-- Ignoring non-Dwarf2/3/4 block in .debug_info
--172070-- WARNING: Serious error when reading debug info
--172070-- When reading debug info from /opt/gcc/11.2.0/snos/lib64/libgcc_s.so.1:
--172070-- Ignoring non-Dwarf2/3/4 block in .debug_info
--172070-- WARNING: Serious error when reading debug info
--172070-- When reading debug info from /opt/gcc/11.2.0/snos/lib64/libgcc_s.so.1:
--172070-- Ignoring non-Dwarf2/3/4 block in .debug_info
--172070-- WARNING: Serious error when reading debug info
--172070-- When reading debug info from /opt/gcc/11.2.0/snos/lib64/libgcc_s.so.1:
--172070-- Ignoring non-Dwarf2/3/4 block in .debug_info
--172070-- WARNING: Serious error when reading debug info
--172070-- When reading debug info from /opt/gcc/11.2.0/snos/lib64/libgcc_s.so.1:
--172070-- Ignoring non-Dwarf2/3/4 block in .debug_info
--172070-- WARNING: Serious error when reading debug info
--172070-- When reading debug info from /opt/gcc/11.2.0/snos/lib64/libgcc_s.so.1:
--172070-- Ignoring non-Dwarf2/3/4 block in .debug_info
--172070-- WARNING: Serious error when reading debug info
--172070-- When reading debug info from /opt/gcc/11.2.0/snos/lib64/libgcc_s.so.1:
--172070-- Ignoring non-Dwarf2/3/4 block in .debug_info
--172070-- WARNING: Serious error when reading debug info
--172070-- When reading debug info from /opt/gcc/11.2.0/snos/lib64/libgcc_s.so.1:
--172070-- Ignoring non-Dwarf2/3/4 block in .debug_info
--172070-- WARNING: Serious error when reading debug info
--172070-- When reading debug info from /opt/gcc/11.2.0/snos/lib64/libgcc_s.so.1:
--172070-- Ignoring non-Dwarf2/3/4 block in .debug_info
--172070-- WARNING: Serious error when reading debug info
--172070-- When reading debug info from /opt/gcc/11.2.0/snos/lib64/libgcc_s.so.1:
--172070-- Ignoring non-Dwarf2/3/4 block in .debug_info
--172070-- WARNING: Serious error when reading debug info
--172070-- When reading debug info from /opt/gcc/11.2.0/snos/lib64/libgcc_s.so.1:
--172070-- Ignoring non-Dwarf2/3/4 block in .debug_info
--172070-- WARNING: Serious error when reading debug info
--172070-- When reading debug info from /opt/gcc/11.2.0/snos/lib64/libgcc_s.so.1:
--172070-- Ignoring non-Dwarf2/3/4 block in .debug_info
--172070-- WARNING: Serious error when reading debug info
--172070-- When reading debug info from /opt/gcc/11.2.0/snos/lib64/libgcc_s.so.1:
--172070-- Ignoring non-Dwarf2/3/4 block in .debug_info
--172070-- WARNING: Serious error when reading debug info
--172070-- When reading debug info from /opt/gcc/11.2.0/snos/lib64/libgcc_s.so.1:
--172070-- Ignoring non-Dwarf2/3/4 block in .debug_info
--172070-- WARNING: Serious error when reading debug info
--172070-- When reading debug info from /opt/gcc/11.2.0/snos/lib64/libgcc_s.so.1:
--172070-- Ignoring non-Dwarf2/3/4 block in .debug_info
--172070-- WARNING: Serious error when reading debug info
--172070-- When reading debug info from /opt/gcc/11.2.0/snos/lib64/libgcc_s.so.1:
--172070-- Ignoring non-Dwarf2/3/4 block in .debug_info
--172070-- WARNING: Serious error when reading debug info
--172070-- When reading debug info from /opt/gcc/11.2.0/snos/lib64/libgcc_s.so.1:
--172070-- Ignoring non-Dwarf2/3/4 block in .debug_info
--172070-- WARNING: Serious error when reading debug info
--172070-- When reading debug info from /opt/gcc/11.2.0/snos/lib64/libgcc_s.so.1:
--172070-- Ignoring non-Dwarf2/3/4 block in .debug_info
--172070-- WARNING: Serious error when reading debug info
--172070-- When reading debug info from /opt/gcc/11.2.0/snos/lib64/libgcc_s.so.1:
--172070-- Ignoring non-Dwarf2/3/4 block in .debug_info
--172070-- WARNING: Serious error when reading debug info
--172070-- When reading debug info from /opt/gcc/11.2.0/snos/lib64/libgcc_s.so.1:
--172070-- Ignoring non-Dwarf2/3/4 block in .debug_info
--172070-- WARNING: Serious error when reading debug info
--172070-- When reading debug info from /opt/gcc/11.2.0/snos/lib64/libgcc_s.so.1:
--172070-- Ignoring non-Dwarf2/3/4 block in .debug_info
--172070-- WARNING: Serious error when reading debug info
--172070-- When reading debug info from /opt/gcc/11.2.0/snos/lib64/libgcc_s.so.1:
--172070-- parse_CU_Header: is neither DWARF2 nor DWARF3 nor DWARF4
==172070== Thread 64:
==172070== Conditional jump or move depends on uninitialised value(s)
==172070==    at 0x4097F2: pageload(int, char*) (in /global/u2/x/xizhang1/parallelized-simple-search-engine/indexer/openmp_indexer)
==172070==    by 0x403F0A: main._omp_fn.0 (in /global/u2/x/xizhang1/parallelized-simple-search-engine/indexer/openmp_indexer)
==172070==    by 0x582DA55: gomp_thread_start (in /opt/gcc/11.2.0/snos/lib64/libgomp.so.1.0.0)
==172070==    by 0x5C75538: start_thread (in /lib64/libpthread-2.26.so)
==172070==    by 0x5F87E0E: clone (in /lib64/libc-2.26.so)
==172070==  Uninitialised value was created by a stack allocation
==172070==    at 0x4096EE: pageload(int, char*) (in /global/u2/x/xizhang1/parallelized-simple-search-engine/indexer/openmp_indexer)
==172070== 
==172070== Conditional jump or move depends on uninitialised value(s)
==172070==    at 0x407CD7: webpage_new (in /global/u2/x/xizhang1/parallelized-simple-search-engine/indexer/openmp_indexer)
==172070==    by 0x4099C3: pageload(int, char*) (in /global/u2/x/xizhang1/parallelized-simple-search-engine/indexer/openmp_indexer)
==172070==    by 0x403F0A: main._omp_fn.0 (in /global/u2/x/xizhang1/parallelized-simple-search-engine/indexer/openmp_indexer)
==172070==    by 0x582DA55: gomp_thread_start (in /opt/gcc/11.2.0/snos/lib64/libgomp.so.1.0.0)
==172070==    by 0x5C75538: start_thread (in /lib64/libpthread-2.26.so)
==172070==    by 0x5F87E0E: clone (in /lib64/libc-2.26.so)
==172070==  Uninitialised value was created by a stack allocation
==172070==    at 0x4096EE: pageload(int, char*) (in /global/u2/x/xizhang1/parallelized-simple-search-engine/indexer/openmp_indexer)
==172070== 
==172070== 
==172070== Process terminating with default action of signal 15 (SIGTERM)
==172070==    at 0x582FBD2: gomp_mutex_lock_slow (in /opt/gcc/11.2.0/snos/lib64/libgomp.so.1.0.0)
==172070==    by 0x404080: main._omp_fn.0 (in /global/u2/x/xizhang1/parallelized-simple-search-engine/indexer/openmp_indexer)
==172070==    by 0x582DA55: gomp_thread_start (in /opt/gcc/11.2.0/snos/lib64/libgomp.so.1.0.0)
==172070==    by 0x5C75538: start_thread (in /lib64/libpthread-2.26.so)
==172070==    by 0x5F87E0E: clone (in /lib64/libc-2.26.so)
