==88850== Memcheck, a memory error detector
==88850== Copyright (C) 2002-2017, and GNU GPL'd, by Julian Seward et al.
==88850== Using Valgrind-3.15.0 and LibVEX; rerun with -h for copyright info
==88850== Command: ./openmp_indexer ../pages_68/3/ ./index_depth_2_new
==88850== 
--88850-- WARNING: Serious error when reading debug info
--88850-- When reading debug info from /global/u2/x/xizhang1/parallelized-simple-search-engine/indexer/openmp_indexer:
--88850-- Ignoring non-Dwarf2/3/4 block in .debug_info
--88850-- WARNING: Serious error when reading debug info
--88850-- When reading debug info from /global/u2/x/xizhang1/parallelized-simple-search-engine/indexer/openmp_indexer:
--88850-- Ignoring non-Dwarf2/3/4 block in .debug_info
--88850-- WARNING: Serious error when reading debug info
--88850-- When reading debug info from /global/u2/x/xizhang1/parallelized-simple-search-engine/indexer/openmp_indexer:
--88850-- Ignoring non-Dwarf2/3/4 block in .debug_info
--88850-- WARNING: Serious error when reading debug info
--88850-- When reading debug info from /global/u2/x/xizhang1/parallelized-simple-search-engine/indexer/openmp_indexer:
--88850-- parse_CU_Header: is neither DWARF2 nor DWARF3 nor DWARF4
--88850-- WARNING: Serious error when reading debug info
--88850-- When reading debug info from /opt/gcc/11.2.0/snos/lib64/libstdc++.so.6.0.29:
--88850-- Ignoring non-Dwarf2/3/4 block in .debug_info
--88850-- WARNING: Serious error when reading debug info
--88850-- When reading debug info from /opt/gcc/11.2.0/snos/lib64/libstdc++.so.6.0.29:
--88850-- Ignoring non-Dwarf2/3/4 block in .debug_info
--88850-- WARNING: Serious error when reading debug info
--88850-- When reading debug info from /opt/gcc/11.2.0/snos/lib64/libstdc++.so.6.0.29:
--88850-- Ignoring non-Dwarf2/3/4 block in .debug_info
--88850-- WARNING: Serious error when reading debug info
--88850-- When reading debug info from /opt/gcc/11.2.0/snos/lib64/libstdc++.so.6.0.29:
--88850-- Ignoring non-Dwarf2/3/4 block in .debug_info
--88850-- WARNING: Serious error when reading debug info
--88850-- When reading debug info from /opt/gcc/11.2.0/snos/lib64/libstdc++.so.6.0.29:
--88850-- Ignoring non-Dwarf2/3/4 block in .debug_info
--88850-- WARNING: Serious error when reading debug info
--88850-- When reading debug info from /opt/gcc/11.2.0/snos/lib64/libstdc++.so.6.0.29:
--88850-- Ignoring non-Dwarf2/3/4 block in .debug_info
--88850-- WARNING: Serious error when reading debug info
--88850-- When reading debug info from /opt/gcc/11.2.0/snos/lib64/libstdc++.so.6.0.29:
--88850-- Ignoring non-Dwarf2/3/4 block in .debug_info
--88850-- WARNING: Serious error when reading debug info
--88850-- When reading debug info from /opt/gcc/11.2.0/snos/lib64/libstdc++.so.6.0.29:
--88850-- Ignoring non-Dwarf2/3/4 block in .debug_info
--88850-- WARNING: Serious error when reading debug info
--88850-- When reading debug info from /opt/gcc/11.2.0/snos/lib64/libstdc++.so.6.0.29:
--88850-- Ignoring non-Dwarf2/3/4 block in .debug_info
--88850-- WARNING: Serious error when reading debug info
--88850-- When reading debug info from /opt/gcc/11.2.0/snos/lib64/libstdc++.so.6.0.29:
--88850-- Ignoring non-Dwarf2/3/4 block in .debug_info
--88850-- WARNING: Serious error when reading debug info
--88850-- When reading debug info from /opt/gcc/11.2.0/snos/lib64/libstdc++.so.6.0.29:
--88850-- Ignoring non-Dwarf2/3/4 block in .debug_info
--88850-- WARNING: Serious error when reading debug info
--88850-- When reading debug info from /opt/gcc/11.2.0/snos/lib64/libstdc++.so.6.0.29:
--88850-- Ignoring non-Dwarf2/3/4 block in .debug_info
--88850-- WARNING: Serious error when reading debug info
--88850-- When reading debug info from /opt/gcc/11.2.0/snos/lib64/libstdc++.so.6.0.29:
--88850-- Ignoring non-Dwarf2/3/4 block in .debug_info
--88850-- WARNING: Serious error when reading debug info
--88850-- When reading debug info from /opt/gcc/11.2.0/snos/lib64/libstdc++.so.6.0.29:
--88850-- Ignoring non-Dwarf2/3/4 block in .debug_info
--88850-- WARNING: Serious error when reading debug info
--88850-- When reading debug info from /opt/gcc/11.2.0/snos/lib64/libstdc++.so.6.0.29:
--88850-- Ignoring non-Dwarf2/3/4 block in .debug_info
--88850-- WARNING: Serious error when reading debug info
--88850-- When reading debug info from /opt/gcc/11.2.0/snos/lib64/libstdc++.so.6.0.29:
--88850-- Ignoring non-Dwarf2/3/4 block in .debug_info
--88850-- WARNING: Serious error when reading debug info
--88850-- When reading debug info from /opt/gcc/11.2.0/snos/lib64/libstdc++.so.6.0.29:
--88850-- Ignoring non-Dwarf2/3/4 block in .debug_info
--88850-- WARNING: Serious error when reading debug info
--88850-- When reading debug info from /opt/gcc/11.2.0/snos/lib64/libstdc++.so.6.0.29:
--88850-- Ignoring non-Dwarf2/3/4 block in .debug_info
--88850-- WARNING: Serious error when reading debug info
--88850-- When reading debug info from /opt/gcc/11.2.0/snos/lib64/libstdc++.so.6.0.29:
--88850-- Ignoring non-Dwarf2/3/4 block in .debug_info
--88850-- WARNING: Serious error when reading debug info
--88850-- When reading debug info from /opt/gcc/11.2.0/snos/lib64/libstdc++.so.6.0.29:
--88850-- Ignoring non-Dwarf2/3/4 block in .debug_info
--88850-- WARNING: Serious error when reading debug info
--88850-- When reading debug info from /opt/gcc/11.2.0/snos/lib64/libstdc++.so.6.0.29:
--88850-- Ignoring non-Dwarf2/3/4 block in .debug_info
--88850-- WARNING: Serious error when reading debug info
--88850-- When reading debug info from /opt/gcc/11.2.0/snos/lib64/libstdc++.so.6.0.29:
--88850-- Ignoring non-Dwarf2/3/4 block in .debug_info
--88850-- WARNING: Serious error when reading debug info
--88850-- When reading debug info from /opt/gcc/11.2.0/snos/lib64/libstdc++.so.6.0.29:
--88850-- Ignoring non-Dwarf2/3/4 block in .debug_info
--88850-- WARNING: Serious error when reading debug info
--88850-- When reading debug info from /opt/gcc/11.2.0/snos/lib64/libstdc++.so.6.0.29:
--88850-- Ignoring non-Dwarf2/3/4 block in .debug_info
--88850-- WARNING: Serious error when reading debug info
--88850-- When reading debug info from /opt/gcc/11.2.0/snos/lib64/libstdc++.so.6.0.29:
--88850-- Ignoring non-Dwarf2/3/4 block in .debug_info
--88850-- WARNING: Serious error when reading debug info
--88850-- When reading debug info from /opt/gcc/11.2.0/snos/lib64/libstdc++.so.6.0.29:
--88850-- Ignoring non-Dwarf2/3/4 block in .debug_info
--88850-- WARNING: Serious error when reading debug info
--88850-- When reading debug info from /opt/gcc/11.2.0/snos/lib64/libstdc++.so.6.0.29:
--88850-- Ignoring non-Dwarf2/3/4 block in .debug_info
--88850-- WARNING: Serious error when reading debug info
--88850-- When reading debug info from /opt/gcc/11.2.0/snos/lib64/libstdc++.so.6.0.29:
--88850-- Ignoring non-Dwarf2/3/4 block in .debug_info
--88850-- WARNING: Serious error when reading debug info
--88850-- When reading debug info from /opt/gcc/11.2.0/snos/lib64/libstdc++.so.6.0.29:
--88850-- Ignoring non-Dwarf2/3/4 block in .debug_info
--88850-- WARNING: Serious error when reading debug info
--88850-- When reading debug info from /opt/gcc/11.2.0/snos/lib64/libstdc++.so.6.0.29:
--88850-- Ignoring non-Dwarf2/3/4 block in .debug_info
--88850-- WARNING: Serious error when reading debug info
--88850-- When reading debug info from /opt/gcc/11.2.0/snos/lib64/libstdc++.so.6.0.29:
--88850-- Ignoring non-Dwarf2/3/4 block in .debug_info
--88850-- WARNING: Serious error when reading debug info
--88850-- When reading debug info from /opt/gcc/11.2.0/snos/lib64/libstdc++.so.6.0.29:
--88850-- Ignoring non-Dwarf2/3/4 block in .debug_info
--88850-- WARNING: Serious error when reading debug info
--88850-- When reading debug info from /opt/gcc/11.2.0/snos/lib64/libstdc++.so.6.0.29:
--88850-- Ignoring non-Dwarf2/3/4 block in .debug_info
--88850-- WARNING: Serious error when reading debug info
--88850-- When reading debug info from /opt/gcc/11.2.0/snos/lib64/libstdc++.so.6.0.29:
--88850-- Ignoring non-Dwarf2/3/4 block in .debug_info
--88850-- WARNING: Serious error when reading debug info
--88850-- When reading debug info from /opt/gcc/11.2.0/snos/lib64/libstdc++.so.6.0.29:
--88850-- Ignoring non-Dwarf2/3/4 block in .debug_info
--88850-- WARNING: Serious error when reading debug info
--88850-- When reading debug info from /opt/gcc/11.2.0/snos/lib64/libstdc++.so.6.0.29:
--88850-- Ignoring non-Dwarf2/3/4 block in .debug_info
--88850-- WARNING: Serious error when reading debug info
--88850-- When reading debug info from /opt/gcc/11.2.0/snos/lib64/libstdc++.so.6.0.29:
--88850-- Ignoring non-Dwarf2/3/4 block in .debug_info
--88850-- WARNING: Serious error when reading debug info
--88850-- When reading debug info from /opt/gcc/11.2.0/snos/lib64/libstdc++.so.6.0.29:
--88850-- Ignoring non-Dwarf2/3/4 block in .debug_info
--88850-- WARNING: Serious error when reading debug info
--88850-- When reading debug info from /opt/gcc/11.2.0/snos/lib64/libstdc++.so.6.0.29:
--88850-- Ignoring non-Dwarf2/3/4 block in .debug_info
--88850-- WARNING: Serious error when reading debug info
--88850-- When reading debug info from /opt/gcc/11.2.0/snos/lib64/libstdc++.so.6.0.29:
--88850-- Ignoring non-Dwarf2/3/4 block in .debug_info
--88850-- WARNING: Serious error when reading debug info
--88850-- When reading debug info from /opt/gcc/11.2.0/snos/lib64/libstdc++.so.6.0.29:
--88850-- Ignoring non-Dwarf2/3/4 block in .debug_info
--88850-- WARNING: Serious error when reading debug info
--88850-- When reading debug info from /opt/gcc/11.2.0/snos/lib64/libstdc++.so.6.0.29:
--88850-- Ignoring non-Dwarf2/3/4 block in .debug_info
--88850-- WARNING: Serious error when reading debug info
--88850-- When reading debug info from /opt/gcc/11.2.0/snos/lib64/libstdc++.so.6.0.29:
--88850-- Ignoring non-Dwarf2/3/4 block in .debug_info
--88850-- WARNING: Serious error when reading debug info
--88850-- When reading debug info from /opt/gcc/11.2.0/snos/lib64/libstdc++.so.6.0.29:
--88850-- Ignoring non-Dwarf2/3/4 block in .debug_info
--88850-- WARNING: Serious error when reading debug info
--88850-- When reading debug info from /opt/gcc/11.2.0/snos/lib64/libstdc++.so.6.0.29:
--88850-- Ignoring non-Dwarf2/3/4 block in .debug_info
--88850-- WARNING: Serious error when reading debug info
--88850-- When reading debug info from /opt/gcc/11.2.0/snos/lib64/libstdc++.so.6.0.29:
--88850-- Ignoring non-Dwarf2/3/4 block in .debug_info
--88850-- WARNING: Serious error when reading debug info
--88850-- When reading debug info from /opt/gcc/11.2.0/snos/lib64/libstdc++.so.6.0.29:
--88850-- Ignoring non-Dwarf2/3/4 block in .debug_info
--88850-- WARNING: Serious error when reading debug info
--88850-- When reading debug info from /opt/gcc/11.2.0/snos/lib64/libstdc++.so.6.0.29:
--88850-- Ignoring non-Dwarf2/3/4 block in .debug_info
--88850-- WARNING: Serious error when reading debug info
--88850-- When reading debug info from /opt/gcc/11.2.0/snos/lib64/libstdc++.so.6.0.29:
--88850-- Ignoring non-Dwarf2/3/4 block in .debug_info
--88850-- WARNING: Serious error when reading debug info
--88850-- When reading debug info from /opt/gcc/11.2.0/snos/lib64/libstdc++.so.6.0.29:
--88850-- Ignoring non-Dwarf2/3/4 block in .debug_info
--88850-- WARNING: Serious error when reading debug info
--88850-- When reading debug info from /opt/gcc/11.2.0/snos/lib64/libstdc++.so.6.0.29:
--88850-- Ignoring non-Dwarf2/3/4 block in .debug_info
--88850-- WARNING: Serious error when reading debug info
--88850-- When reading debug info from /opt/gcc/11.2.0/snos/lib64/libstdc++.so.6.0.29:
--88850-- Ignoring non-Dwarf2/3/4 block in .debug_info
--88850-- WARNING: Serious error when reading debug info
--88850-- When reading debug info from /opt/gcc/11.2.0/snos/lib64/libstdc++.so.6.0.29:
--88850-- Ignoring non-Dwarf2/3/4 block in .debug_info
--88850-- WARNING: Serious error when reading debug info
--88850-- When reading debug info from /opt/gcc/11.2.0/snos/lib64/libstdc++.so.6.0.29:
--88850-- Ignoring non-Dwarf2/3/4 block in .debug_info
--88850-- WARNING: Serious error when reading debug info
--88850-- When reading debug info from /opt/gcc/11.2.0/snos/lib64/libstdc++.so.6.0.29:
--88850-- Ignoring non-Dwarf2/3/4 block in .debug_info
--88850-- WARNING: Serious error when reading debug info
--88850-- When reading debug info from /opt/gcc/11.2.0/snos/lib64/libstdc++.so.6.0.29:
--88850-- Ignoring non-Dwarf2/3/4 block in .debug_info
--88850-- WARNING: Serious error when reading debug info
--88850-- When reading debug info from /opt/gcc/11.2.0/snos/lib64/libstdc++.so.6.0.29:
--88850-- Ignoring non-Dwarf2/3/4 block in .debug_info
--88850-- WARNING: Serious error when reading debug info
--88850-- When reading debug info from /opt/gcc/11.2.0/snos/lib64/libstdc++.so.6.0.29:
--88850-- Ignoring non-Dwarf2/3/4 block in .debug_info
--88850-- WARNING: Serious error when reading debug info
--88850-- When reading debug info from /opt/gcc/11.2.0/snos/lib64/libstdc++.so.6.0.29:
--88850-- Ignoring non-Dwarf2/3/4 block in .debug_info
--88850-- WARNING: Serious error when reading debug info
--88850-- When reading debug info from /opt/gcc/11.2.0/snos/lib64/libstdc++.so.6.0.29:
--88850-- Ignoring non-Dwarf2/3/4 block in .debug_info
--88850-- WARNING: Serious error when reading debug info
--88850-- When reading debug info from /opt/gcc/11.2.0/snos/lib64/libstdc++.so.6.0.29:
--88850-- Ignoring non-Dwarf2/3/4 block in .debug_info
--88850-- WARNING: Serious error when reading debug info
--88850-- When reading debug info from /opt/gcc/11.2.0/snos/lib64/libstdc++.so.6.0.29:
--88850-- Ignoring non-Dwarf2/3/4 block in .debug_info
--88850-- WARNING: Serious error when reading debug info
--88850-- When reading debug info from /opt/gcc/11.2.0/snos/lib64/libstdc++.so.6.0.29:
--88850-- Ignoring non-Dwarf2/3/4 block in .debug_info
--88850-- WARNING: Serious error when reading debug info
--88850-- When reading debug info from /opt/gcc/11.2.0/snos/lib64/libstdc++.so.6.0.29:
--88850-- Ignoring non-Dwarf2/3/4 block in .debug_info
--88850-- WARNING: Serious error when reading debug info
--88850-- When reading debug info from /opt/gcc/11.2.0/snos/lib64/libstdc++.so.6.0.29:
--88850-- Ignoring non-Dwarf2/3/4 block in .debug_info
--88850-- WARNING: Serious error when reading debug info
--88850-- When reading debug info from /opt/gcc/11.2.0/snos/lib64/libstdc++.so.6.0.29:
--88850-- Ignoring non-Dwarf2/3/4 block in .debug_info
--88850-- WARNING: Serious error when reading debug info
--88850-- When reading debug info from /opt/gcc/11.2.0/snos/lib64/libstdc++.so.6.0.29:
--88850-- Ignoring non-Dwarf2/3/4 block in .debug_info
--88850-- WARNING: Serious error when reading debug info
--88850-- When reading debug info from /opt/gcc/11.2.0/snos/lib64/libstdc++.so.6.0.29:
--88850-- Ignoring non-Dwarf2/3/4 block in .debug_info
--88850-- WARNING: Serious error when reading debug info
--88850-- When reading debug info from /opt/gcc/11.2.0/snos/lib64/libstdc++.so.6.0.29:
--88850-- Ignoring non-Dwarf2/3/4 block in .debug_info
--88850-- WARNING: Serious error when reading debug info
--88850-- When reading debug info from /opt/gcc/11.2.0/snos/lib64/libstdc++.so.6.0.29:
--88850-- Ignoring non-Dwarf2/3/4 block in .debug_info
--88850-- WARNING: Serious error when reading debug info
--88850-- When reading debug info from /opt/gcc/11.2.0/snos/lib64/libstdc++.so.6.0.29:
--88850-- Ignoring non-Dwarf2/3/4 block in .debug_info
--88850-- WARNING: Serious error when reading debug info
--88850-- When reading debug info from /opt/gcc/11.2.0/snos/lib64/libstdc++.so.6.0.29:
--88850-- Ignoring non-Dwarf2/3/4 block in .debug_info
--88850-- WARNING: Serious error when reading debug info
--88850-- When reading debug info from /opt/gcc/11.2.0/snos/lib64/libstdc++.so.6.0.29:
--88850-- Ignoring non-Dwarf2/3/4 block in .debug_info
--88850-- WARNING: Serious error when reading debug info
--88850-- When reading debug info from /opt/gcc/11.2.0/snos/lib64/libstdc++.so.6.0.29:
--88850-- Ignoring non-Dwarf2/3/4 block in .debug_info
--88850-- WARNING: Serious error when reading debug info
--88850-- When reading debug info from /opt/gcc/11.2.0/snos/lib64/libstdc++.so.6.0.29:
--88850-- Ignoring non-Dwarf2/3/4 block in .debug_info
--88850-- WARNING: Serious error when reading debug info
--88850-- When reading debug info from /opt/gcc/11.2.0/snos/lib64/libstdc++.so.6.0.29:
--88850-- Ignoring non-Dwarf2/3/4 block in .debug_info
--88850-- WARNING: Serious error when reading debug info
--88850-- When reading debug info from /opt/gcc/11.2.0/snos/lib64/libstdc++.so.6.0.29:
--88850-- Ignoring non-Dwarf2/3/4 block in .debug_info
--88850-- WARNING: Serious error when reading debug info
--88850-- When reading debug info from /opt/gcc/11.2.0/snos/lib64/libstdc++.so.6.0.29:
--88850-- Ignoring non-Dwarf2/3/4 block in .debug_info
--88850-- WARNING: Serious error when reading debug info
--88850-- When reading debug info from /opt/gcc/11.2.0/snos/lib64/libstdc++.so.6.0.29:
--88850-- Ignoring non-Dwarf2/3/4 block in .debug_info
--88850-- WARNING: Serious error when reading debug info
--88850-- When reading debug info from /opt/gcc/11.2.0/snos/lib64/libstdc++.so.6.0.29:
--88850-- Ignoring non-Dwarf2/3/4 block in .debug_info
--88850-- WARNING: Serious error when reading debug info
--88850-- When reading debug info from /opt/gcc/11.2.0/snos/lib64/libstdc++.so.6.0.29:
--88850-- Ignoring non-Dwarf2/3/4 block in .debug_info
--88850-- WARNING: Serious error when reading debug info
--88850-- When reading debug info from /opt/gcc/11.2.0/snos/lib64/libstdc++.so.6.0.29:
--88850-- Ignoring non-Dwarf2/3/4 block in .debug_info
--88850-- WARNING: Serious error when reading debug info
--88850-- When reading debug info from /opt/gcc/11.2.0/snos/lib64/libstdc++.so.6.0.29:
--88850-- Ignoring non-Dwarf2/3/4 block in .debug_info
--88850-- WARNING: Serious error when reading debug info
--88850-- When reading debug info from /opt/gcc/11.2.0/snos/lib64/libstdc++.so.6.0.29:
--88850-- Ignoring non-Dwarf2/3/4 block in .debug_info
--88850-- WARNING: Serious error when reading debug info
--88850-- When reading debug info from /opt/gcc/11.2.0/snos/lib64/libstdc++.so.6.0.29:
--88850-- Ignoring non-Dwarf2/3/4 block in .debug_info
--88850-- WARNING: Serious error when reading debug info
--88850-- When reading debug info from /opt/gcc/11.2.0/snos/lib64/libstdc++.so.6.0.29:
--88850-- Ignoring non-Dwarf2/3/4 block in .debug_info
--88850-- WARNING: Serious error when reading debug info
--88850-- When reading debug info from /opt/gcc/11.2.0/snos/lib64/libstdc++.so.6.0.29:
--88850-- Ignoring non-Dwarf2/3/4 block in .debug_info
--88850-- WARNING: Serious error when reading debug info
--88850-- When reading debug info from /opt/gcc/11.2.0/snos/lib64/libstdc++.so.6.0.29:
--88850-- Ignoring non-Dwarf2/3/4 block in .debug_info
--88850-- WARNING: Serious error when reading debug info
--88850-- When reading debug info from /opt/gcc/11.2.0/snos/lib64/libstdc++.so.6.0.29:
--88850-- Ignoring non-Dwarf2/3/4 block in .debug_info
--88850-- WARNING: Serious error when reading debug info
--88850-- When reading debug info from /opt/gcc/11.2.0/snos/lib64/libstdc++.so.6.0.29:
--88850-- Ignoring non-Dwarf2/3/4 block in .debug_info
--88850-- WARNING: Serious error when reading debug info
--88850-- When reading debug info from /opt/gcc/11.2.0/snos/lib64/libstdc++.so.6.0.29:
--88850-- Ignoring non-Dwarf2/3/4 block in .debug_info
--88850-- WARNING: Serious error when reading debug info
--88850-- When reading debug info from /opt/gcc/11.2.0/snos/lib64/libstdc++.so.6.0.29:
--88850-- Ignoring non-Dwarf2/3/4 block in .debug_info
--88850-- WARNING: Serious error when reading debug info
--88850-- When reading debug info from /opt/gcc/11.2.0/snos/lib64/libstdc++.so.6.0.29:
--88850-- Ignoring non-Dwarf2/3/4 block in .debug_info
--88850-- WARNING: Serious error when reading debug info
--88850-- When reading debug info from /opt/gcc/11.2.0/snos/lib64/libstdc++.so.6.0.29:
--88850-- Ignoring non-Dwarf2/3/4 block in .debug_info
--88850-- WARNING: Serious error when reading debug info
--88850-- When reading debug info from /opt/gcc/11.2.0/snos/lib64/libstdc++.so.6.0.29:
--88850-- Ignoring non-Dwarf2/3/4 block in .debug_info
--88850-- WARNING: Serious error when reading debug info
--88850-- When reading debug info from /opt/gcc/11.2.0/snos/lib64/libstdc++.so.6.0.29:
--88850-- Ignoring non-Dwarf2/3/4 block in .debug_info
--88850-- WARNING: Serious error when reading debug info
--88850-- When reading debug info from /opt/gcc/11.2.0/snos/lib64/libstdc++.so.6.0.29:
--88850-- Ignoring non-Dwarf2/3/4 block in .debug_info
--88850-- WARNING: Serious error when reading debug info
--88850-- When reading debug info from /opt/gcc/11.2.0/snos/lib64/libstdc++.so.6.0.29:
--88850-- Ignoring non-Dwarf2/3/4 block in .debug_info
--88850-- WARNING: Serious error when reading debug info
--88850-- When reading debug info from /opt/gcc/11.2.0/snos/lib64/libstdc++.so.6.0.29:
--88850-- Ignoring non-Dwarf2/3/4 block in .debug_info
--88850-- WARNING: Serious error when reading debug info
--88850-- When reading debug info from /opt/gcc/11.2.0/snos/lib64/libstdc++.so.6.0.29:
--88850-- Ignoring non-Dwarf2/3/4 block in .debug_info
--88850-- WARNING: Serious error when reading debug info
--88850-- When reading debug info from /opt/gcc/11.2.0/snos/lib64/libstdc++.so.6.0.29:
--88850-- Ignoring non-Dwarf2/3/4 block in .debug_info
--88850-- WARNING: Serious error when reading debug info
--88850-- When reading debug info from /opt/gcc/11.2.0/snos/lib64/libstdc++.so.6.0.29:
--88850-- Ignoring non-Dwarf2/3/4 block in .debug_info
--88850-- WARNING: Serious error when reading debug info
--88850-- When reading debug info from /opt/gcc/11.2.0/snos/lib64/libstdc++.so.6.0.29:
--88850-- Ignoring non-Dwarf2/3/4 block in .debug_info
--88850-- WARNING: Serious error when reading debug info
--88850-- When reading debug info from /opt/gcc/11.2.0/snos/lib64/libstdc++.so.6.0.29:
--88850-- Ignoring non-Dwarf2/3/4 block in .debug_info
--88850-- WARNING: Serious error when reading debug info
--88850-- When reading debug info from /opt/gcc/11.2.0/snos/lib64/libstdc++.so.6.0.29:
--88850-- Ignoring non-Dwarf2/3/4 block in .debug_info
--88850-- WARNING: Serious error when reading debug info
--88850-- When reading debug info from /opt/gcc/11.2.0/snos/lib64/libstdc++.so.6.0.29:
--88850-- Ignoring non-Dwarf2/3/4 block in .debug_info
--88850-- WARNING: Serious error when reading debug info
--88850-- When reading debug info from /opt/gcc/11.2.0/snos/lib64/libstdc++.so.6.0.29:
--88850-- Ignoring non-Dwarf2/3/4 block in .debug_info
--88850-- WARNING: Serious error when reading debug info
--88850-- When reading debug info from /opt/gcc/11.2.0/snos/lib64/libstdc++.so.6.0.29:
--88850-- Ignoring non-Dwarf2/3/4 block in .debug_info
--88850-- WARNING: Serious error when reading debug info
--88850-- When reading debug info from /opt/gcc/11.2.0/snos/lib64/libstdc++.so.6.0.29:
--88850-- Ignoring non-Dwarf2/3/4 block in .debug_info
--88850-- WARNING: Serious error when reading debug info
--88850-- When reading debug info from /opt/gcc/11.2.0/snos/lib64/libstdc++.so.6.0.29:
--88850-- Ignoring non-Dwarf2/3/4 block in .debug_info
--88850-- WARNING: Serious error when reading debug info
--88850-- When reading debug info from /opt/gcc/11.2.0/snos/lib64/libstdc++.so.6.0.29:
--88850-- Ignoring non-Dwarf2/3/4 block in .debug_info
--88850-- WARNING: Serious error when reading debug info
--88850-- When reading debug info from /opt/gcc/11.2.0/snos/lib64/libstdc++.so.6.0.29:
--88850-- Ignoring non-Dwarf2/3/4 block in .debug_info
--88850-- WARNING: Serious error when reading debug info
--88850-- When reading debug info from /opt/gcc/11.2.0/snos/lib64/libstdc++.so.6.0.29:
--88850-- Ignoring non-Dwarf2/3/4 block in .debug_info
--88850-- WARNING: Serious error when reading debug info
--88850-- When reading debug info from /opt/gcc/11.2.0/snos/lib64/libstdc++.so.6.0.29:
--88850-- Ignoring non-Dwarf2/3/4 block in .debug_info
--88850-- WARNING: Serious error when reading debug info
--88850-- When reading debug info from /opt/gcc/11.2.0/snos/lib64/libstdc++.so.6.0.29:
--88850-- Ignoring non-Dwarf2/3/4 block in .debug_info
--88850-- WARNING: Serious error when reading debug info
--88850-- When reading debug info from /opt/gcc/11.2.0/snos/lib64/libstdc++.so.6.0.29:
--88850-- Ignoring non-Dwarf2/3/4 block in .debug_info
--88850-- WARNING: Serious error when reading debug info
--88850-- When reading debug info from /opt/gcc/11.2.0/snos/lib64/libstdc++.so.6.0.29:
--88850-- Ignoring non-Dwarf2/3/4 block in .debug_info
--88850-- WARNING: Serious error when reading debug info
--88850-- When reading debug info from /opt/gcc/11.2.0/snos/lib64/libstdc++.so.6.0.29:
--88850-- Ignoring non-Dwarf2/3/4 block in .debug_info
--88850-- WARNING: Serious error when reading debug info
--88850-- When reading debug info from /opt/gcc/11.2.0/snos/lib64/libstdc++.so.6.0.29:
--88850-- Ignoring non-Dwarf2/3/4 block in .debug_info
--88850-- WARNING: Serious error when reading debug info
--88850-- When reading debug info from /opt/gcc/11.2.0/snos/lib64/libstdc++.so.6.0.29:
--88850-- Ignoring non-Dwarf2/3/4 block in .debug_info
--88850-- WARNING: Serious error when reading debug info
--88850-- When reading debug info from /opt/gcc/11.2.0/snos/lib64/libstdc++.so.6.0.29:
--88850-- Ignoring non-Dwarf2/3/4 block in .debug_info
--88850-- WARNING: Serious error when reading debug info
--88850-- When reading debug info from /opt/gcc/11.2.0/snos/lib64/libstdc++.so.6.0.29:
--88850-- Ignoring non-Dwarf2/3/4 block in .debug_info
--88850-- WARNING: Serious error when reading debug info
--88850-- When reading debug info from /opt/gcc/11.2.0/snos/lib64/libstdc++.so.6.0.29:
--88850-- Ignoring non-Dwarf2/3/4 block in .debug_info
--88850-- WARNING: Serious error when reading debug info
--88850-- When reading debug info from /opt/gcc/11.2.0/snos/lib64/libstdc++.so.6.0.29:
--88850-- Ignoring non-Dwarf2/3/4 block in .debug_info
--88850-- WARNING: Serious error when reading debug info
--88850-- When reading debug info from /opt/gcc/11.2.0/snos/lib64/libstdc++.so.6.0.29:
--88850-- Ignoring non-Dwarf2/3/4 block in .debug_info
--88850-- WARNING: Serious error when reading debug info
--88850-- When reading debug info from /opt/gcc/11.2.0/snos/lib64/libstdc++.so.6.0.29:
--88850-- Ignoring non-Dwarf2/3/4 block in .debug_info
--88850-- WARNING: Serious error when reading debug info
--88850-- When reading debug info from /opt/gcc/11.2.0/snos/lib64/libstdc++.so.6.0.29:
--88850-- Ignoring non-Dwarf2/3/4 block in .debug_info
--88850-- WARNING: Serious error when reading debug info
--88850-- When reading debug info from /opt/gcc/11.2.0/snos/lib64/libstdc++.so.6.0.29:
--88850-- Ignoring non-Dwarf2/3/4 block in .debug_info
--88850-- WARNING: Serious error when reading debug info
--88850-- When reading debug info from /opt/gcc/11.2.0/snos/lib64/libstdc++.so.6.0.29:
--88850-- Ignoring non-Dwarf2/3/4 block in .debug_info
--88850-- WARNING: Serious error when reading debug info
--88850-- When reading debug info from /opt/gcc/11.2.0/snos/lib64/libstdc++.so.6.0.29:
--88850-- Ignoring non-Dwarf2/3/4 block in .debug_info
--88850-- WARNING: Serious error when reading debug info
--88850-- When reading debug info from /opt/gcc/11.2.0/snos/lib64/libstdc++.so.6.0.29:
--88850-- Ignoring non-Dwarf2/3/4 block in .debug_info
--88850-- WARNING: Serious error when reading debug info
--88850-- When reading debug info from /opt/gcc/11.2.0/snos/lib64/libstdc++.so.6.0.29:
--88850-- Ignoring non-Dwarf2/3/4 block in .debug_info
--88850-- WARNING: Serious error when reading debug info
--88850-- When reading debug info from /opt/gcc/11.2.0/snos/lib64/libstdc++.so.6.0.29:
--88850-- Ignoring non-Dwarf2/3/4 block in .debug_info
--88850-- WARNING: Serious error when reading debug info
--88850-- When reading debug info from /opt/gcc/11.2.0/snos/lib64/libstdc++.so.6.0.29:
--88850-- Ignoring non-Dwarf2/3/4 block in .debug_info
--88850-- WARNING: Serious error when reading debug info
--88850-- When reading debug info from /opt/gcc/11.2.0/snos/lib64/libstdc++.so.6.0.29:
--88850-- Ignoring non-Dwarf2/3/4 block in .debug_info
--88850-- WARNING: Serious error when reading debug info
--88850-- When reading debug info from /opt/gcc/11.2.0/snos/lib64/libstdc++.so.6.0.29:
--88850-- Ignoring non-Dwarf2/3/4 block in .debug_info
--88850-- WARNING: Serious error when reading debug info
--88850-- When reading debug info from /opt/gcc/11.2.0/snos/lib64/libstdc++.so.6.0.29:
--88850-- Ignoring non-Dwarf2/3/4 block in .debug_info
--88850-- WARNING: Serious error when reading debug info
--88850-- When reading debug info from /opt/gcc/11.2.0/snos/lib64/libstdc++.so.6.0.29:
--88850-- Ignoring non-Dwarf2/3/4 block in .debug_info
--88850-- WARNING: Serious error when reading debug info
--88850-- When reading debug info from /opt/gcc/11.2.0/snos/lib64/libstdc++.so.6.0.29:
--88850-- Ignoring non-Dwarf2/3/4 block in .debug_info
--88850-- WARNING: Serious error when reading debug info
--88850-- When reading debug info from /opt/gcc/11.2.0/snos/lib64/libstdc++.so.6.0.29:
--88850-- Ignoring non-Dwarf2/3/4 block in .debug_info
--88850-- WARNING: Serious error when reading debug info
--88850-- When reading debug info from /opt/gcc/11.2.0/snos/lib64/libstdc++.so.6.0.29:
--88850-- Ignoring non-Dwarf2/3/4 block in .debug_info
--88850-- WARNING: Serious error when reading debug info
--88850-- When reading debug info from /opt/gcc/11.2.0/snos/lib64/libstdc++.so.6.0.29:
--88850-- Ignoring non-Dwarf2/3/4 block in .debug_info
--88850-- WARNING: Serious error when reading debug info
--88850-- When reading debug info from /opt/gcc/11.2.0/snos/lib64/libstdc++.so.6.0.29:
--88850-- Ignoring non-Dwarf2/3/4 block in .debug_info
--88850-- WARNING: Serious error when reading debug info
--88850-- When reading debug info from /opt/gcc/11.2.0/snos/lib64/libstdc++.so.6.0.29:
--88850-- Ignoring non-Dwarf2/3/4 block in .debug_info
--88850-- WARNING: Serious error when reading debug info
--88850-- When reading debug info from /opt/gcc/11.2.0/snos/lib64/libstdc++.so.6.0.29:
--88850-- Ignoring non-Dwarf2/3/4 block in .debug_info
--88850-- WARNING: Serious error when reading debug info
--88850-- When reading debug info from /opt/gcc/11.2.0/snos/lib64/libstdc++.so.6.0.29:
--88850-- Ignoring non-Dwarf2/3/4 block in .debug_info
--88850-- WARNING: Serious error when reading debug info
--88850-- When reading debug info from /opt/gcc/11.2.0/snos/lib64/libstdc++.so.6.0.29:
--88850-- Ignoring non-Dwarf2/3/4 block in .debug_info
--88850-- WARNING: Serious error when reading debug info
--88850-- When reading debug info from /opt/gcc/11.2.0/snos/lib64/libstdc++.so.6.0.29:
--88850-- Ignoring non-Dwarf2/3/4 block in .debug_info
--88850-- WARNING: Serious error when reading debug info
--88850-- When reading debug info from /opt/gcc/11.2.0/snos/lib64/libstdc++.so.6.0.29:
--88850-- Ignoring non-Dwarf2/3/4 block in .debug_info
--88850-- WARNING: Serious error when reading debug info
--88850-- When reading debug info from /opt/gcc/11.2.0/snos/lib64/libstdc++.so.6.0.29:
--88850-- Ignoring non-Dwarf2/3/4 block in .debug_info
--88850-- WARNING: Serious error when reading debug info
--88850-- When reading debug info from /opt/gcc/11.2.0/snos/lib64/libstdc++.so.6.0.29:
--88850-- Ignoring non-Dwarf2/3/4 block in .debug_info
--88850-- WARNING: Serious error when reading debug info
--88850-- When reading debug info from /opt/gcc/11.2.0/snos/lib64/libstdc++.so.6.0.29:
--88850-- Ignoring non-Dwarf2/3/4 block in .debug_info
--88850-- WARNING: Serious error when reading debug info
--88850-- When reading debug info from /opt/gcc/11.2.0/snos/lib64/libstdc++.so.6.0.29:
--88850-- Ignoring non-Dwarf2/3/4 block in .debug_info
--88850-- WARNING: Serious error when reading debug info
--88850-- When reading debug info from /opt/gcc/11.2.0/snos/lib64/libstdc++.so.6.0.29:
--88850-- Ignoring non-Dwarf2/3/4 block in .debug_info
--88850-- WARNING: Serious error when reading debug info
--88850-- When reading debug info from /opt/gcc/11.2.0/snos/lib64/libstdc++.so.6.0.29:
--88850-- Ignoring non-Dwarf2/3/4 block in .debug_info
--88850-- WARNING: Serious error when reading debug info
--88850-- When reading debug info from /opt/gcc/11.2.0/snos/lib64/libstdc++.so.6.0.29:
--88850-- Ignoring non-Dwarf2/3/4 block in .debug_info
--88850-- WARNING: Serious error when reading debug info
--88850-- When reading debug info from /opt/gcc/11.2.0/snos/lib64/libstdc++.so.6.0.29:
--88850-- Ignoring non-Dwarf2/3/4 block in .debug_info
--88850-- WARNING: Serious error when reading debug info
--88850-- When reading debug info from /opt/gcc/11.2.0/snos/lib64/libstdc++.so.6.0.29:
--88850-- Ignoring non-Dwarf2/3/4 block in .debug_info
--88850-- WARNING: Serious error when reading debug info
--88850-- When reading debug info from /opt/gcc/11.2.0/snos/lib64/libstdc++.so.6.0.29:
--88850-- Ignoring non-Dwarf2/3/4 block in .debug_info
--88850-- WARNING: Serious error when reading debug info
--88850-- When reading debug info from /opt/gcc/11.2.0/snos/lib64/libstdc++.so.6.0.29:
--88850-- Ignoring non-Dwarf2/3/4 block in .debug_info
--88850-- WARNING: Serious error when reading debug info
--88850-- When reading debug info from /opt/gcc/11.2.0/snos/lib64/libstdc++.so.6.0.29:
--88850-- Ignoring non-Dwarf2/3/4 block in .debug_info
--88850-- WARNING: Serious error when reading debug info
--88850-- When reading debug info from /opt/gcc/11.2.0/snos/lib64/libstdc++.so.6.0.29:
--88850-- Ignoring non-Dwarf2/3/4 block in .debug_info
--88850-- WARNING: Serious error when reading debug info
--88850-- When reading debug info from /opt/gcc/11.2.0/snos/lib64/libstdc++.so.6.0.29:
--88850-- Ignoring non-Dwarf2/3/4 block in .debug_info
--88850-- WARNING: Serious error when reading debug info
--88850-- When reading debug info from /opt/gcc/11.2.0/snos/lib64/libstdc++.so.6.0.29:
--88850-- Ignoring non-Dwarf2/3/4 block in .debug_info
--88850-- WARNING: Serious error when reading debug info
--88850-- When reading debug info from /opt/gcc/11.2.0/snos/lib64/libstdc++.so.6.0.29:
--88850-- Ignoring non-Dwarf2/3/4 block in .debug_info
--88850-- WARNING: Serious error when reading debug info
--88850-- When reading debug info from /opt/gcc/11.2.0/snos/lib64/libstdc++.so.6.0.29:
--88850-- Ignoring non-Dwarf2/3/4 block in .debug_info
--88850-- WARNING: Serious error when reading debug info
--88850-- When reading debug info from /opt/gcc/11.2.0/snos/lib64/libstdc++.so.6.0.29:
--88850-- Ignoring non-Dwarf2/3/4 block in .debug_info
--88850-- WARNING: Serious error when reading debug info
--88850-- When reading debug info from /opt/gcc/11.2.0/snos/lib64/libstdc++.so.6.0.29:
--88850-- Ignoring non-Dwarf2/3/4 block in .debug_info
--88850-- WARNING: Serious error when reading debug info
--88850-- When reading debug info from /opt/gcc/11.2.0/snos/lib64/libstdc++.so.6.0.29:
--88850-- Ignoring non-Dwarf2/3/4 block in .debug_info
--88850-- WARNING: Serious error when reading debug info
--88850-- When reading debug info from /opt/gcc/11.2.0/snos/lib64/libstdc++.so.6.0.29:
--88850-- Ignoring non-Dwarf2/3/4 block in .debug_info
--88850-- WARNING: Serious error when reading debug info
--88850-- When reading debug info from /opt/gcc/11.2.0/snos/lib64/libstdc++.so.6.0.29:
--88850-- Ignoring non-Dwarf2/3/4 block in .debug_info
--88850-- WARNING: Serious error when reading debug info
--88850-- When reading debug info from /opt/gcc/11.2.0/snos/lib64/libstdc++.so.6.0.29:
--88850-- Ignoring non-Dwarf2/3/4 block in .debug_info
--88850-- WARNING: Serious error when reading debug info
--88850-- When reading debug info from /opt/gcc/11.2.0/snos/lib64/libstdc++.so.6.0.29:
--88850-- Ignoring non-Dwarf2/3/4 block in .debug_info
--88850-- WARNING: Serious error when reading debug info
--88850-- When reading debug info from /opt/gcc/11.2.0/snos/lib64/libstdc++.so.6.0.29:
--88850-- Ignoring non-Dwarf2/3/4 block in .debug_info
--88850-- WARNING: Serious error when reading debug info
--88850-- When reading debug info from /opt/gcc/11.2.0/snos/lib64/libstdc++.so.6.0.29:
--88850-- Ignoring non-Dwarf2/3/4 block in .debug_info
--88850-- WARNING: Serious error when reading debug info
--88850-- When reading debug info from /opt/gcc/11.2.0/snos/lib64/libstdc++.so.6.0.29:
--88850-- Ignoring non-Dwarf2/3/4 block in .debug_info
--88850-- WARNING: Serious error when reading debug info
--88850-- When reading debug info from /opt/gcc/11.2.0/snos/lib64/libstdc++.so.6.0.29:
--88850-- Ignoring non-Dwarf2/3/4 block in .debug_info
--88850-- WARNING: Serious error when reading debug info
--88850-- When reading debug info from /opt/gcc/11.2.0/snos/lib64/libstdc++.so.6.0.29:
--88850-- Ignoring non-Dwarf2/3/4 block in .debug_info
--88850-- WARNING: Serious error when reading debug info
--88850-- When reading debug info from /opt/gcc/11.2.0/snos/lib64/libstdc++.so.6.0.29:
--88850-- Ignoring non-Dwarf2/3/4 block in .debug_info
--88850-- WARNING: Serious error when reading debug info
--88850-- When reading debug info from /opt/gcc/11.2.0/snos/lib64/libstdc++.so.6.0.29:
--88850-- Ignoring non-Dwarf2/3/4 block in .debug_info
--88850-- WARNING: Serious error when reading debug info
--88850-- When reading debug info from /opt/gcc/11.2.0/snos/lib64/libstdc++.so.6.0.29:
--88850-- Ignoring non-Dwarf2/3/4 block in .debug_info
--88850-- WARNING: Serious error when reading debug info
--88850-- When reading debug info from /opt/gcc/11.2.0/snos/lib64/libstdc++.so.6.0.29:
--88850-- parse_CU_Header: is neither DWARF2 nor DWARF3 nor DWARF4
--88850-- WARNING: Serious error when reading debug info
--88850-- When reading debug info from /opt/gcc/11.2.0/snos/lib64/libgomp.so.1.0.0:
--88850-- Ignoring non-Dwarf2/3/4 block in .debug_info
--88850-- WARNING: Serious error when reading debug info
--88850-- When reading debug info from /opt/gcc/11.2.0/snos/lib64/libgomp.so.1.0.0:
--88850-- Ignoring non-Dwarf2/3/4 block in .debug_info
--88850-- WARNING: Serious error when reading debug info
--88850-- When reading debug info from /opt/gcc/11.2.0/snos/lib64/libgomp.so.1.0.0:
--88850-- Ignoring non-Dwarf2/3/4 block in .debug_info
--88850-- WARNING: Serious error when reading debug info
--88850-- When reading debug info from /opt/gcc/11.2.0/snos/lib64/libgomp.so.1.0.0:
--88850-- Ignoring non-Dwarf2/3/4 block in .debug_info
--88850-- WARNING: Serious error when reading debug info
--88850-- When reading debug info from /opt/gcc/11.2.0/snos/lib64/libgomp.so.1.0.0:
--88850-- Ignoring non-Dwarf2/3/4 block in .debug_info
--88850-- WARNING: Serious error when reading debug info
--88850-- When reading debug info from /opt/gcc/11.2.0/snos/lib64/libgomp.so.1.0.0:
--88850-- Ignoring non-Dwarf2/3/4 block in .debug_info
--88850-- WARNING: Serious error when reading debug info
--88850-- When reading debug info from /opt/gcc/11.2.0/snos/lib64/libgomp.so.1.0.0:
--88850-- Ignoring non-Dwarf2/3/4 block in .debug_info
--88850-- WARNING: Serious error when reading debug info
--88850-- When reading debug info from /opt/gcc/11.2.0/snos/lib64/libgomp.so.1.0.0:
--88850-- Ignoring non-Dwarf2/3/4 block in .debug_info
--88850-- WARNING: Serious error when reading debug info
--88850-- When reading debug info from /opt/gcc/11.2.0/snos/lib64/libgomp.so.1.0.0:
--88850-- Ignoring non-Dwarf2/3/4 block in .debug_info
--88850-- WARNING: Serious error when reading debug info
--88850-- When reading debug info from /opt/gcc/11.2.0/snos/lib64/libgomp.so.1.0.0:
--88850-- Ignoring non-Dwarf2/3/4 block in .debug_info
--88850-- WARNING: Serious error when reading debug info
--88850-- When reading debug info from /opt/gcc/11.2.0/snos/lib64/libgomp.so.1.0.0:
--88850-- Ignoring non-Dwarf2/3/4 block in .debug_info
--88850-- WARNING: Serious error when reading debug info
--88850-- When reading debug info from /opt/gcc/11.2.0/snos/lib64/libgomp.so.1.0.0:
--88850-- Ignoring non-Dwarf2/3/4 block in .debug_info
--88850-- WARNING: Serious error when reading debug info
--88850-- When reading debug info from /opt/gcc/11.2.0/snos/lib64/libgomp.so.1.0.0:
--88850-- Ignoring non-Dwarf2/3/4 block in .debug_info
--88850-- WARNING: Serious error when reading debug info
--88850-- When reading debug info from /opt/gcc/11.2.0/snos/lib64/libgomp.so.1.0.0:
--88850-- Ignoring non-Dwarf2/3/4 block in .debug_info
--88850-- WARNING: Serious error when reading debug info
--88850-- When reading debug info from /opt/gcc/11.2.0/snos/lib64/libgomp.so.1.0.0:
--88850-- Ignoring non-Dwarf2/3/4 block in .debug_info
--88850-- WARNING: Serious error when reading debug info
--88850-- When reading debug info from /opt/gcc/11.2.0/snos/lib64/libgomp.so.1.0.0:
--88850-- Ignoring non-Dwarf2/3/4 block in .debug_info
--88850-- WARNING: Serious error when reading debug info
--88850-- When reading debug info from /opt/gcc/11.2.0/snos/lib64/libgomp.so.1.0.0:
--88850-- Ignoring non-Dwarf2/3/4 block in .debug_info
--88850-- WARNING: Serious error when reading debug info
--88850-- When reading debug info from /opt/gcc/11.2.0/snos/lib64/libgomp.so.1.0.0:
--88850-- Ignoring non-Dwarf2/3/4 block in .debug_info
--88850-- WARNING: Serious error when reading debug info
--88850-- When reading debug info from /opt/gcc/11.2.0/snos/lib64/libgomp.so.1.0.0:
--88850-- Ignoring non-Dwarf2/3/4 block in .debug_info
--88850-- WARNING: Serious error when reading debug info
--88850-- When reading debug info from /opt/gcc/11.2.0/snos/lib64/libgomp.so.1.0.0:
--88850-- Ignoring non-Dwarf2/3/4 block in .debug_info
--88850-- WARNING: Serious error when reading debug info
--88850-- When reading debug info from /opt/gcc/11.2.0/snos/lib64/libgomp.so.1.0.0:
--88850-- Ignoring non-Dwarf2/3/4 block in .debug_info
--88850-- WARNING: Serious error when reading debug info
--88850-- When reading debug info from /opt/gcc/11.2.0/snos/lib64/libgomp.so.1.0.0:
--88850-- Ignoring non-Dwarf2/3/4 block in .debug_info
--88850-- WARNING: Serious error when reading debug info
--88850-- When reading debug info from /opt/gcc/11.2.0/snos/lib64/libgomp.so.1.0.0:
--88850-- Ignoring non-Dwarf2/3/4 block in .debug_info
--88850-- WARNING: Serious error when reading debug info
--88850-- When reading debug info from /opt/gcc/11.2.0/snos/lib64/libgomp.so.1.0.0:
--88850-- Ignoring non-Dwarf2/3/4 block in .debug_info
--88850-- WARNING: Serious error when reading debug info
--88850-- When reading debug info from /opt/gcc/11.2.0/snos/lib64/libgomp.so.1.0.0:
--88850-- Ignoring non-Dwarf2/3/4 block in .debug_info
--88850-- WARNING: Serious error when reading debug info
--88850-- When reading debug info from /opt/gcc/11.2.0/snos/lib64/libgomp.so.1.0.0:
--88850-- Ignoring non-Dwarf2/3/4 block in .debug_info
--88850-- WARNING: Serious error when reading debug info
--88850-- When reading debug info from /opt/gcc/11.2.0/snos/lib64/libgomp.so.1.0.0:
--88850-- Ignoring non-Dwarf2/3/4 block in .debug_info
--88850-- WARNING: Serious error when reading debug info
--88850-- When reading debug info from /opt/gcc/11.2.0/snos/lib64/libgomp.so.1.0.0:
--88850-- Ignoring non-Dwarf2/3/4 block in .debug_info
--88850-- WARNING: Serious error when reading debug info
--88850-- When reading debug info from /opt/gcc/11.2.0/snos/lib64/libgomp.so.1.0.0:
--88850-- Ignoring non-Dwarf2/3/4 block in .debug_info
--88850-- WARNING: Serious error when reading debug info
--88850-- When reading debug info from /opt/gcc/11.2.0/snos/lib64/libgomp.so.1.0.0:
--88850-- Ignoring non-Dwarf2/3/4 block in .debug_info
--88850-- WARNING: Serious error when reading debug info
--88850-- When reading debug info from /opt/gcc/11.2.0/snos/lib64/libgomp.so.1.0.0:
--88850-- Ignoring non-Dwarf2/3/4 block in .debug_info
--88850-- WARNING: Serious error when reading debug info
--88850-- When reading debug info from /opt/gcc/11.2.0/snos/lib64/libgomp.so.1.0.0:
--88850-- Ignoring non-Dwarf2/3/4 block in .debug_info
--88850-- WARNING: Serious error when reading debug info
--88850-- When reading debug info from /opt/gcc/11.2.0/snos/lib64/libgomp.so.1.0.0:
--88850-- Ignoring non-Dwarf2/3/4 block in .debug_info
--88850-- WARNING: Serious error when reading debug info
--88850-- When reading debug info from /opt/gcc/11.2.0/snos/lib64/libgomp.so.1.0.0:
--88850-- Ignoring non-Dwarf2/3/4 block in .debug_info
--88850-- WARNING: Serious error when reading debug info
--88850-- When reading debug info from /opt/gcc/11.2.0/snos/lib64/libgomp.so.1.0.0:
--88850-- Ignoring non-Dwarf2/3/4 block in .debug_info
--88850-- WARNING: Serious error when reading debug info
--88850-- When reading debug info from /opt/gcc/11.2.0/snos/lib64/libgomp.so.1.0.0:
--88850-- Ignoring non-Dwarf2/3/4 block in .debug_info
--88850-- WARNING: Serious error when reading debug info
--88850-- When reading debug info from /opt/gcc/11.2.0/snos/lib64/libgomp.so.1.0.0:
--88850-- Ignoring non-Dwarf2/3/4 block in .debug_info
--88850-- WARNING: Serious error when reading debug info
--88850-- When reading debug info from /opt/gcc/11.2.0/snos/lib64/libgomp.so.1.0.0:
--88850-- Ignoring non-Dwarf2/3/4 block in .debug_info
--88850-- WARNING: Serious error when reading debug info
--88850-- When reading debug info from /opt/gcc/11.2.0/snos/lib64/libgomp.so.1.0.0:
--88850-- Ignoring non-Dwarf2/3/4 block in .debug_info
--88850-- WARNING: Serious error when reading debug info
--88850-- When reading debug info from /opt/gcc/11.2.0/snos/lib64/libgomp.so.1.0.0:
--88850-- Ignoring non-Dwarf2/3/4 block in .debug_info
--88850-- WARNING: Serious error when reading debug info
--88850-- When reading debug info from /opt/gcc/11.2.0/snos/lib64/libgomp.so.1.0.0:
--88850-- Ignoring non-Dwarf2/3/4 block in .debug_info
--88850-- WARNING: Serious error when reading debug info
--88850-- When reading debug info from /opt/gcc/11.2.0/snos/lib64/libgomp.so.1.0.0:
--88850-- Ignoring non-Dwarf2/3/4 block in .debug_info
--88850-- WARNING: Serious error when reading debug info
--88850-- When reading debug info from /opt/gcc/11.2.0/snos/lib64/libgomp.so.1.0.0:
--88850-- Ignoring non-Dwarf2/3/4 block in .debug_info
--88850-- WARNING: Serious error when reading debug info
--88850-- When reading debug info from /opt/gcc/11.2.0/snos/lib64/libgomp.so.1.0.0:
--88850-- parse_CU_Header: is neither DWARF2 nor DWARF3 nor DWARF4
--88850-- WARNING: Serious error when reading debug info
--88850-- When reading debug info from /opt/gcc/11.2.0/snos/lib64/libgcc_s.so.1:
--88850-- Ignoring non-Dwarf2/3/4 block in .debug_info
--88850-- WARNING: Serious error when reading debug info
--88850-- When reading debug info from /opt/gcc/11.2.0/snos/lib64/libgcc_s.so.1:
--88850-- Ignoring non-Dwarf2/3/4 block in .debug_info
--88850-- WARNING: Serious error when reading debug info
--88850-- When reading debug info from /opt/gcc/11.2.0/snos/lib64/libgcc_s.so.1:
--88850-- Ignoring non-Dwarf2/3/4 block in .debug_info
--88850-- WARNING: Serious error when reading debug info
--88850-- When reading debug info from /opt/gcc/11.2.0/snos/lib64/libgcc_s.so.1:
--88850-- Ignoring non-Dwarf2/3/4 block in .debug_info
--88850-- WARNING: Serious error when reading debug info
--88850-- When reading debug info from /opt/gcc/11.2.0/snos/lib64/libgcc_s.so.1:
--88850-- Ignoring non-Dwarf2/3/4 block in .debug_info
--88850-- WARNING: Serious error when reading debug info
--88850-- When reading debug info from /opt/gcc/11.2.0/snos/lib64/libgcc_s.so.1:
--88850-- Ignoring non-Dwarf2/3/4 block in .debug_info
--88850-- WARNING: Serious error when reading debug info
--88850-- When reading debug info from /opt/gcc/11.2.0/snos/lib64/libgcc_s.so.1:
--88850-- Ignoring non-Dwarf2/3/4 block in .debug_info
--88850-- WARNING: Serious error when reading debug info
--88850-- When reading debug info from /opt/gcc/11.2.0/snos/lib64/libgcc_s.so.1:
--88850-- Ignoring non-Dwarf2/3/4 block in .debug_info
--88850-- WARNING: Serious error when reading debug info
--88850-- When reading debug info from /opt/gcc/11.2.0/snos/lib64/libgcc_s.so.1:
--88850-- Ignoring non-Dwarf2/3/4 block in .debug_info
--88850-- WARNING: Serious error when reading debug info
--88850-- When reading debug info from /opt/gcc/11.2.0/snos/lib64/libgcc_s.so.1:
--88850-- Ignoring non-Dwarf2/3/4 block in .debug_info
--88850-- WARNING: Serious error when reading debug info
--88850-- When reading debug info from /opt/gcc/11.2.0/snos/lib64/libgcc_s.so.1:
--88850-- Ignoring non-Dwarf2/3/4 block in .debug_info
--88850-- WARNING: Serious error when reading debug info
--88850-- When reading debug info from /opt/gcc/11.2.0/snos/lib64/libgcc_s.so.1:
--88850-- Ignoring non-Dwarf2/3/4 block in .debug_info
--88850-- WARNING: Serious error when reading debug info
--88850-- When reading debug info from /opt/gcc/11.2.0/snos/lib64/libgcc_s.so.1:
--88850-- Ignoring non-Dwarf2/3/4 block in .debug_info
--88850-- WARNING: Serious error when reading debug info
--88850-- When reading debug info from /opt/gcc/11.2.0/snos/lib64/libgcc_s.so.1:
--88850-- Ignoring non-Dwarf2/3/4 block in .debug_info
--88850-- WARNING: Serious error when reading debug info
--88850-- When reading debug info from /opt/gcc/11.2.0/snos/lib64/libgcc_s.so.1:
--88850-- Ignoring non-Dwarf2/3/4 block in .debug_info
--88850-- WARNING: Serious error when reading debug info
--88850-- When reading debug info from /opt/gcc/11.2.0/snos/lib64/libgcc_s.so.1:
--88850-- Ignoring non-Dwarf2/3/4 block in .debug_info
--88850-- WARNING: Serious error when reading debug info
--88850-- When reading debug info from /opt/gcc/11.2.0/snos/lib64/libgcc_s.so.1:
--88850-- Ignoring non-Dwarf2/3/4 block in .debug_info
--88850-- WARNING: Serious error when reading debug info
--88850-- When reading debug info from /opt/gcc/11.2.0/snos/lib64/libgcc_s.so.1:
--88850-- Ignoring non-Dwarf2/3/4 block in .debug_info
--88850-- WARNING: Serious error when reading debug info
--88850-- When reading debug info from /opt/gcc/11.2.0/snos/lib64/libgcc_s.so.1:
--88850-- Ignoring non-Dwarf2/3/4 block in .debug_info
--88850-- WARNING: Serious error when reading debug info
--88850-- When reading debug info from /opt/gcc/11.2.0/snos/lib64/libgcc_s.so.1:
--88850-- Ignoring non-Dwarf2/3/4 block in .debug_info
--88850-- WARNING: Serious error when reading debug info
--88850-- When reading debug info from /opt/gcc/11.2.0/snos/lib64/libgcc_s.so.1:
--88850-- Ignoring non-Dwarf2/3/4 block in .debug_info
--88850-- WARNING: Serious error when reading debug info
--88850-- When reading debug info from /opt/gcc/11.2.0/snos/lib64/libgcc_s.so.1:
--88850-- Ignoring non-Dwarf2/3/4 block in .debug_info
--88850-- WARNING: Serious error when reading debug info
--88850-- When reading debug info from /opt/gcc/11.2.0/snos/lib64/libgcc_s.so.1:
--88850-- Ignoring non-Dwarf2/3/4 block in .debug_info
--88850-- WARNING: Serious error when reading debug info
--88850-- When reading debug info from /opt/gcc/11.2.0/snos/lib64/libgcc_s.so.1:
--88850-- Ignoring non-Dwarf2/3/4 block in .debug_info
--88850-- WARNING: Serious error when reading debug info
--88850-- When reading debug info from /opt/gcc/11.2.0/snos/lib64/libgcc_s.so.1:
--88850-- Ignoring non-Dwarf2/3/4 block in .debug_info
--88850-- WARNING: Serious error when reading debug info
--88850-- When reading debug info from /opt/gcc/11.2.0/snos/lib64/libgcc_s.so.1:
--88850-- Ignoring non-Dwarf2/3/4 block in .debug_info
--88850-- WARNING: Serious error when reading debug info
--88850-- When reading debug info from /opt/gcc/11.2.0/snos/lib64/libgcc_s.so.1:
--88850-- Ignoring non-Dwarf2/3/4 block in .debug_info
--88850-- WARNING: Serious error when reading debug info
--88850-- When reading debug info from /opt/gcc/11.2.0/snos/lib64/libgcc_s.so.1:
--88850-- Ignoring non-Dwarf2/3/4 block in .debug_info
--88850-- WARNING: Serious error when reading debug info
--88850-- When reading debug info from /opt/gcc/11.2.0/snos/lib64/libgcc_s.so.1:
--88850-- Ignoring non-Dwarf2/3/4 block in .debug_info
--88850-- WARNING: Serious error when reading debug info
--88850-- When reading debug info from /opt/gcc/11.2.0/snos/lib64/libgcc_s.so.1:
--88850-- Ignoring non-Dwarf2/3/4 block in .debug_info
--88850-- WARNING: Serious error when reading debug info
--88850-- When reading debug info from /opt/gcc/11.2.0/snos/lib64/libgcc_s.so.1:
--88850-- Ignoring non-Dwarf2/3/4 block in .debug_info
--88850-- WARNING: Serious error when reading debug info
--88850-- When reading debug info from /opt/gcc/11.2.0/snos/lib64/libgcc_s.so.1:
--88850-- Ignoring non-Dwarf2/3/4 block in .debug_info
--88850-- WARNING: Serious error when reading debug info
--88850-- When reading debug info from /opt/gcc/11.2.0/snos/lib64/libgcc_s.so.1:
--88850-- Ignoring non-Dwarf2/3/4 block in .debug_info
--88850-- WARNING: Serious error when reading debug info
--88850-- When reading debug info from /opt/gcc/11.2.0/snos/lib64/libgcc_s.so.1:
--88850-- Ignoring non-Dwarf2/3/4 block in .debug_info
--88850-- WARNING: Serious error when reading debug info
--88850-- When reading debug info from /opt/gcc/11.2.0/snos/lib64/libgcc_s.so.1:
--88850-- Ignoring non-Dwarf2/3/4 block in .debug_info
--88850-- WARNING: Serious error when reading debug info
--88850-- When reading debug info from /opt/gcc/11.2.0/snos/lib64/libgcc_s.so.1:
--88850-- Ignoring non-Dwarf2/3/4 block in .debug_info
--88850-- WARNING: Serious error when reading debug info
--88850-- When reading debug info from /opt/gcc/11.2.0/snos/lib64/libgcc_s.so.1:
--88850-- Ignoring non-Dwarf2/3/4 block in .debug_info
--88850-- WARNING: Serious error when reading debug info
--88850-- When reading debug info from /opt/gcc/11.2.0/snos/lib64/libgcc_s.so.1:
--88850-- Ignoring non-Dwarf2/3/4 block in .debug_info
--88850-- WARNING: Serious error when reading debug info
--88850-- When reading debug info from /opt/gcc/11.2.0/snos/lib64/libgcc_s.so.1:
--88850-- Ignoring non-Dwarf2/3/4 block in .debug_info
--88850-- WARNING: Serious error when reading debug info
--88850-- When reading debug info from /opt/gcc/11.2.0/snos/lib64/libgcc_s.so.1:
--88850-- Ignoring non-Dwarf2/3/4 block in .debug_info
--88850-- WARNING: Serious error when reading debug info
--88850-- When reading debug info from /opt/gcc/11.2.0/snos/lib64/libgcc_s.so.1:
--88850-- Ignoring non-Dwarf2/3/4 block in .debug_info
--88850-- WARNING: Serious error when reading debug info
--88850-- When reading debug info from /opt/gcc/11.2.0/snos/lib64/libgcc_s.so.1:
--88850-- Ignoring non-Dwarf2/3/4 block in .debug_info
--88850-- WARNING: Serious error when reading debug info
--88850-- When reading debug info from /opt/gcc/11.2.0/snos/lib64/libgcc_s.so.1:
--88850-- Ignoring non-Dwarf2/3/4 block in .debug_info
--88850-- WARNING: Serious error when reading debug info
--88850-- When reading debug info from /opt/gcc/11.2.0/snos/lib64/libgcc_s.so.1:
--88850-- Ignoring non-Dwarf2/3/4 block in .debug_info
--88850-- WARNING: Serious error when reading debug info
--88850-- When reading debug info from /opt/gcc/11.2.0/snos/lib64/libgcc_s.so.1:
--88850-- Ignoring non-Dwarf2/3/4 block in .debug_info
--88850-- WARNING: Serious error when reading debug info
--88850-- When reading debug info from /opt/gcc/11.2.0/snos/lib64/libgcc_s.so.1:
--88850-- Ignoring non-Dwarf2/3/4 block in .debug_info
--88850-- WARNING: Serious error when reading debug info
--88850-- When reading debug info from /opt/gcc/11.2.0/snos/lib64/libgcc_s.so.1:
--88850-- Ignoring non-Dwarf2/3/4 block in .debug_info
--88850-- WARNING: Serious error when reading debug info
--88850-- When reading debug info from /opt/gcc/11.2.0/snos/lib64/libgcc_s.so.1:
--88850-- Ignoring non-Dwarf2/3/4 block in .debug_info
--88850-- WARNING: Serious error when reading debug info
--88850-- When reading debug info from /opt/gcc/11.2.0/snos/lib64/libgcc_s.so.1:
--88850-- Ignoring non-Dwarf2/3/4 block in .debug_info
--88850-- WARNING: Serious error when reading debug info
--88850-- When reading debug info from /opt/gcc/11.2.0/snos/lib64/libgcc_s.so.1:
--88850-- Ignoring non-Dwarf2/3/4 block in .debug_info
--88850-- WARNING: Serious error when reading debug info
--88850-- When reading debug info from /opt/gcc/11.2.0/snos/lib64/libgcc_s.so.1:
--88850-- Ignoring non-Dwarf2/3/4 block in .debug_info
--88850-- WARNING: Serious error when reading debug info
--88850-- When reading debug info from /opt/gcc/11.2.0/snos/lib64/libgcc_s.so.1:
--88850-- Ignoring non-Dwarf2/3/4 block in .debug_info
--88850-- WARNING: Serious error when reading debug info
--88850-- When reading debug info from /opt/gcc/11.2.0/snos/lib64/libgcc_s.so.1:
--88850-- Ignoring non-Dwarf2/3/4 block in .debug_info
--88850-- WARNING: Serious error when reading debug info
--88850-- When reading debug info from /opt/gcc/11.2.0/snos/lib64/libgcc_s.so.1:
--88850-- Ignoring non-Dwarf2/3/4 block in .debug_info
--88850-- WARNING: Serious error when reading debug info
--88850-- When reading debug info from /opt/gcc/11.2.0/snos/lib64/libgcc_s.so.1:
--88850-- Ignoring non-Dwarf2/3/4 block in .debug_info
--88850-- WARNING: Serious error when reading debug info
--88850-- When reading debug info from /opt/gcc/11.2.0/snos/lib64/libgcc_s.so.1:
--88850-- Ignoring non-Dwarf2/3/4 block in .debug_info
--88850-- WARNING: Serious error when reading debug info
--88850-- When reading debug info from /opt/gcc/11.2.0/snos/lib64/libgcc_s.so.1:
--88850-- Ignoring non-Dwarf2/3/4 block in .debug_info
--88850-- WARNING: Serious error when reading debug info
--88850-- When reading debug info from /opt/gcc/11.2.0/snos/lib64/libgcc_s.so.1:
--88850-- Ignoring non-Dwarf2/3/4 block in .debug_info
--88850-- WARNING: Serious error when reading debug info
--88850-- When reading debug info from /opt/gcc/11.2.0/snos/lib64/libgcc_s.so.1:
--88850-- Ignoring non-Dwarf2/3/4 block in .debug_info
--88850-- WARNING: Serious error when reading debug info
--88850-- When reading debug info from /opt/gcc/11.2.0/snos/lib64/libgcc_s.so.1:
--88850-- Ignoring non-Dwarf2/3/4 block in .debug_info
--88850-- WARNING: Serious error when reading debug info
--88850-- When reading debug info from /opt/gcc/11.2.0/snos/lib64/libgcc_s.so.1:
--88850-- Ignoring non-Dwarf2/3/4 block in .debug_info
--88850-- WARNING: Serious error when reading debug info
--88850-- When reading debug info from /opt/gcc/11.2.0/snos/lib64/libgcc_s.so.1:
--88850-- Ignoring non-Dwarf2/3/4 block in .debug_info
--88850-- WARNING: Serious error when reading debug info
--88850-- When reading debug info from /opt/gcc/11.2.0/snos/lib64/libgcc_s.so.1:
--88850-- Ignoring non-Dwarf2/3/4 block in .debug_info
--88850-- WARNING: Serious error when reading debug info
--88850-- When reading debug info from /opt/gcc/11.2.0/snos/lib64/libgcc_s.so.1:
--88850-- Ignoring non-Dwarf2/3/4 block in .debug_info
--88850-- WARNING: Serious error when reading debug info
--88850-- When reading debug info from /opt/gcc/11.2.0/snos/lib64/libgcc_s.so.1:
--88850-- Ignoring non-Dwarf2/3/4 block in .debug_info
--88850-- WARNING: Serious error when reading debug info
--88850-- When reading debug info from /opt/gcc/11.2.0/snos/lib64/libgcc_s.so.1:
--88850-- Ignoring non-Dwarf2/3/4 block in .debug_info
--88850-- WARNING: Serious error when reading debug info
--88850-- When reading debug info from /opt/gcc/11.2.0/snos/lib64/libgcc_s.so.1:
--88850-- Ignoring non-Dwarf2/3/4 block in .debug_info
--88850-- WARNING: Serious error when reading debug info
--88850-- When reading debug info from /opt/gcc/11.2.0/snos/lib64/libgcc_s.so.1:
--88850-- Ignoring non-Dwarf2/3/4 block in .debug_info
--88850-- WARNING: Serious error when reading debug info
--88850-- When reading debug info from /opt/gcc/11.2.0/snos/lib64/libgcc_s.so.1:
--88850-- Ignoring non-Dwarf2/3/4 block in .debug_info
--88850-- WARNING: Serious error when reading debug info
--88850-- When reading debug info from /opt/gcc/11.2.0/snos/lib64/libgcc_s.so.1:
--88850-- Ignoring non-Dwarf2/3/4 block in .debug_info
--88850-- WARNING: Serious error when reading debug info
--88850-- When reading debug info from /opt/gcc/11.2.0/snos/lib64/libgcc_s.so.1:
--88850-- Ignoring non-Dwarf2/3/4 block in .debug_info
--88850-- WARNING: Serious error when reading debug info
--88850-- When reading debug info from /opt/gcc/11.2.0/snos/lib64/libgcc_s.so.1:
--88850-- Ignoring non-Dwarf2/3/4 block in .debug_info
--88850-- WARNING: Serious error when reading debug info
--88850-- When reading debug info from /opt/gcc/11.2.0/snos/lib64/libgcc_s.so.1:
--88850-- Ignoring non-Dwarf2/3/4 block in .debug_info
--88850-- WARNING: Serious error when reading debug info
--88850-- When reading debug info from /opt/gcc/11.2.0/snos/lib64/libgcc_s.so.1:
--88850-- Ignoring non-Dwarf2/3/4 block in .debug_info
--88850-- WARNING: Serious error when reading debug info
--88850-- When reading debug info from /opt/gcc/11.2.0/snos/lib64/libgcc_s.so.1:
--88850-- Ignoring non-Dwarf2/3/4 block in .debug_info
--88850-- WARNING: Serious error when reading debug info
--88850-- When reading debug info from /opt/gcc/11.2.0/snos/lib64/libgcc_s.so.1:
--88850-- Ignoring non-Dwarf2/3/4 block in .debug_info
--88850-- WARNING: Serious error when reading debug info
--88850-- When reading debug info from /opt/gcc/11.2.0/snos/lib64/libgcc_s.so.1:
--88850-- Ignoring non-Dwarf2/3/4 block in .debug_info
--88850-- WARNING: Serious error when reading debug info
--88850-- When reading debug info from /opt/gcc/11.2.0/snos/lib64/libgcc_s.so.1:
--88850-- Ignoring non-Dwarf2/3/4 block in .debug_info
--88850-- WARNING: Serious error when reading debug info
--88850-- When reading debug info from /opt/gcc/11.2.0/snos/lib64/libgcc_s.so.1:
--88850-- Ignoring non-Dwarf2/3/4 block in .debug_info
--88850-- WARNING: Serious error when reading debug info
--88850-- When reading debug info from /opt/gcc/11.2.0/snos/lib64/libgcc_s.so.1:
--88850-- Ignoring non-Dwarf2/3/4 block in .debug_info
--88850-- WARNING: Serious error when reading debug info
--88850-- When reading debug info from /opt/gcc/11.2.0/snos/lib64/libgcc_s.so.1:
--88850-- Ignoring non-Dwarf2/3/4 block in .debug_info
--88850-- WARNING: Serious error when reading debug info
--88850-- When reading debug info from /opt/gcc/11.2.0/snos/lib64/libgcc_s.so.1:
--88850-- Ignoring non-Dwarf2/3/4 block in .debug_info
--88850-- WARNING: Serious error when reading debug info
--88850-- When reading debug info from /opt/gcc/11.2.0/snos/lib64/libgcc_s.so.1:
--88850-- Ignoring non-Dwarf2/3/4 block in .debug_info
--88850-- WARNING: Serious error when reading debug info
--88850-- When reading debug info from /opt/gcc/11.2.0/snos/lib64/libgcc_s.so.1:
--88850-- Ignoring non-Dwarf2/3/4 block in .debug_info
--88850-- WARNING: Serious error when reading debug info
--88850-- When reading debug info from /opt/gcc/11.2.0/snos/lib64/libgcc_s.so.1:
--88850-- Ignoring non-Dwarf2/3/4 block in .debug_info
--88850-- WARNING: Serious error when reading debug info
--88850-- When reading debug info from /opt/gcc/11.2.0/snos/lib64/libgcc_s.so.1:
--88850-- Ignoring non-Dwarf2/3/4 block in .debug_info
--88850-- WARNING: Serious error when reading debug info
--88850-- When reading debug info from /opt/gcc/11.2.0/snos/lib64/libgcc_s.so.1:
--88850-- Ignoring non-Dwarf2/3/4 block in .debug_info
--88850-- WARNING: Serious error when reading debug info
--88850-- When reading debug info from /opt/gcc/11.2.0/snos/lib64/libgcc_s.so.1:
--88850-- Ignoring non-Dwarf2/3/4 block in .debug_info
--88850-- WARNING: Serious error when reading debug info
--88850-- When reading debug info from /opt/gcc/11.2.0/snos/lib64/libgcc_s.so.1:
--88850-- Ignoring non-Dwarf2/3/4 block in .debug_info
--88850-- WARNING: Serious error when reading debug info
--88850-- When reading debug info from /opt/gcc/11.2.0/snos/lib64/libgcc_s.so.1:
--88850-- Ignoring non-Dwarf2/3/4 block in .debug_info
--88850-- WARNING: Serious error when reading debug info
--88850-- When reading debug info from /opt/gcc/11.2.0/snos/lib64/libgcc_s.so.1:
--88850-- Ignoring non-Dwarf2/3/4 block in .debug_info
--88850-- WARNING: Serious error when reading debug info
--88850-- When reading debug info from /opt/gcc/11.2.0/snos/lib64/libgcc_s.so.1:
--88850-- Ignoring non-Dwarf2/3/4 block in .debug_info
--88850-- WARNING: Serious error when reading debug info
--88850-- When reading debug info from /opt/gcc/11.2.0/snos/lib64/libgcc_s.so.1:
--88850-- Ignoring non-Dwarf2/3/4 block in .debug_info
--88850-- WARNING: Serious error when reading debug info
--88850-- When reading debug info from /opt/gcc/11.2.0/snos/lib64/libgcc_s.so.1:
--88850-- Ignoring non-Dwarf2/3/4 block in .debug_info
--88850-- WARNING: Serious error when reading debug info
--88850-- When reading debug info from /opt/gcc/11.2.0/snos/lib64/libgcc_s.so.1:
--88850-- Ignoring non-Dwarf2/3/4 block in .debug_info
--88850-- WARNING: Serious error when reading debug info
--88850-- When reading debug info from /opt/gcc/11.2.0/snos/lib64/libgcc_s.so.1:
--88850-- Ignoring non-Dwarf2/3/4 block in .debug_info
--88850-- WARNING: Serious error when reading debug info
--88850-- When reading debug info from /opt/gcc/11.2.0/snos/lib64/libgcc_s.so.1:
--88850-- Ignoring non-Dwarf2/3/4 block in .debug_info
--88850-- WARNING: Serious error when reading debug info
--88850-- When reading debug info from /opt/gcc/11.2.0/snos/lib64/libgcc_s.so.1:
--88850-- Ignoring non-Dwarf2/3/4 block in .debug_info
--88850-- WARNING: Serious error when reading debug info
--88850-- When reading debug info from /opt/gcc/11.2.0/snos/lib64/libgcc_s.so.1:
--88850-- Ignoring non-Dwarf2/3/4 block in .debug_info
--88850-- WARNING: Serious error when reading debug info
--88850-- When reading debug info from /opt/gcc/11.2.0/snos/lib64/libgcc_s.so.1:
--88850-- Ignoring non-Dwarf2/3/4 block in .debug_info
--88850-- WARNING: Serious error when reading debug info
--88850-- When reading debug info from /opt/gcc/11.2.0/snos/lib64/libgcc_s.so.1:
--88850-- Ignoring non-Dwarf2/3/4 block in .debug_info
--88850-- WARNING: Serious error when reading debug info
--88850-- When reading debug info from /opt/gcc/11.2.0/snos/lib64/libgcc_s.so.1:
--88850-- Ignoring non-Dwarf2/3/4 block in .debug_info
--88850-- WARNING: Serious error when reading debug info
--88850-- When reading debug info from /opt/gcc/11.2.0/snos/lib64/libgcc_s.so.1:
--88850-- Ignoring non-Dwarf2/3/4 block in .debug_info
--88850-- WARNING: Serious error when reading debug info
--88850-- When reading debug info from /opt/gcc/11.2.0/snos/lib64/libgcc_s.so.1:
--88850-- Ignoring non-Dwarf2/3/4 block in .debug_info
--88850-- WARNING: Serious error when reading debug info
--88850-- When reading debug info from /opt/gcc/11.2.0/snos/lib64/libgcc_s.so.1:
--88850-- Ignoring non-Dwarf2/3/4 block in .debug_info
--88850-- WARNING: Serious error when reading debug info
--88850-- When reading debug info from /opt/gcc/11.2.0/snos/lib64/libgcc_s.so.1:
--88850-- Ignoring non-Dwarf2/3/4 block in .debug_info
--88850-- WARNING: Serious error when reading debug info
--88850-- When reading debug info from /opt/gcc/11.2.0/snos/lib64/libgcc_s.so.1:
--88850-- Ignoring non-Dwarf2/3/4 block in .debug_info
--88850-- WARNING: Serious error when reading debug info
--88850-- When reading debug info from /opt/gcc/11.2.0/snos/lib64/libgcc_s.so.1:
--88850-- Ignoring non-Dwarf2/3/4 block in .debug_info
--88850-- WARNING: Serious error when reading debug info
--88850-- When reading debug info from /opt/gcc/11.2.0/snos/lib64/libgcc_s.so.1:
--88850-- parse_CU_Header: is neither DWARF2 nor DWARF3 nor DWARF4
==88850== Thread 64:
==88850== Conditional jump or move depends on uninitialised value(s)
==88850==    at 0x409772: pageload(int, char*) (in /global/u2/x/xizhang1/parallelized-simple-search-engine/indexer/openmp_indexer)
==88850==    by 0x403E8A: main._omp_fn.0 (in /global/u2/x/xizhang1/parallelized-simple-search-engine/indexer/openmp_indexer)
==88850==    by 0x582DA55: gomp_thread_start (in /opt/gcc/11.2.0/snos/lib64/libgomp.so.1.0.0)
==88850==    by 0x5C75538: start_thread (in /lib64/libpthread-2.26.so)
==88850==    by 0x5F87E0E: clone (in /lib64/libc-2.26.so)
==88850==  Uninitialised value was created by a stack allocation
==88850==    at 0x40966E: pageload(int, char*) (in /global/u2/x/xizhang1/parallelized-simple-search-engine/indexer/openmp_indexer)
==88850== 
